<?xml version="1.0" encoding="UTF-8"?>
<testsuite xmlns:xsi="http://www.w3.org/2001/XMLSchema-instance" xsi:noNamespaceSchemaLocation="https://maven.apache.org/surefire/maven-surefire-plugin/xsd/surefire-test-report-3.0.xsd" version="3.0" name="franco.maurizio.hr.desk.com.unit.backend.SurveyReplyControllerTest" time="0.317" tests="11" errors="0" skipped="0" failures="0">
  <properties>
[...]
</properties>
  <testcase name="getSurveyFilledLastSevenDaysTest" classname="franco.maurizio.hr.desk.com.unit.backend.SurveyReplyControllerTest" time="0.015">
    <system-out><![CDATA[2023-11-24 12:36:38,967 INFO f.m.h.d.c.u.b.SurveyReplyControllerTest [SurveyReplyControllerTest.java:238] getSurveyFilledLastSevenDaysTest() started
2023-11-24 12:36:38,968 INFO f.m.h.d.c.b.SurveyReplyController [SurveyReplyController.java:168] getSurveyFilledLastSevenDays() started
2023-11-24 12:36:38,971 INFO f.m.h.d.c.s.SurveyReplyService [SurveyReplyService.java:81] surveyFilledInPeriod() started
2023-11-24 12:36:38,973 INFO f.m.h.d.c.s.SurveyReplyService [SurveyReplyService.java:97] getPeriod() started
2023-11-24 12:36:38,973 INFO f.m.h.d.c.s.SurveyReplyService [SurveyReplyService.java:101] getPeriod() end
2023-11-24 12:36:38,974 INFO f.m.h.d.c.s.SurveyReplyService [SurveyReplyService.java:91] surveyFilledInPeriod() end
2023-11-24 12:36:38,974 INFO f.m.h.d.c.s.SurveyReplyService [SurveyReplyService.java:97] getPeriod() started
2023-11-24 12:36:38,974 INFO f.m.h.d.c.s.SurveyReplyService [SurveyReplyService.java:101] getPeriod() end
2023-11-24 12:36:38,974 INFO f.m.h.d.c.s.SurveyReplyService [SurveyReplyService.java:91] surveyFilledInPeriod() end
2023-11-24 12:36:38,975 INFO f.m.h.d.c.s.SurveyReplyService [SurveyReplyService.java:97] getPeriod() started
2023-11-24 12:36:38,975 INFO f.m.h.d.c.s.SurveyReplyService [SurveyReplyService.java:101] getPeriod() end
2023-11-24 12:36:38,975 INFO f.m.h.d.c.s.SurveyReplyService [SurveyReplyService.java:91] surveyFilledInPeriod() end
2023-11-24 12:36:38,976 INFO f.m.h.d.c.s.SurveyReplyService [SurveyReplyService.java:97] getPeriod() started
2023-11-24 12:36:38,976 INFO f.m.h.d.c.s.SurveyReplyService [SurveyReplyService.java:101] getPeriod() end
2023-11-24 12:36:38,976 INFO f.m.h.d.c.s.SurveyReplyService [SurveyReplyService.java:91] surveyFilledInPeriod() end
2023-11-24 12:36:38,976 INFO f.m.h.d.c.s.SurveyReplyService [SurveyReplyService.java:97] getPeriod() started
2023-11-24 12:36:38,976 INFO f.m.h.d.c.s.SurveyReplyService [SurveyReplyService.java:101] getPeriod() end
2023-11-24 12:36:38,976 INFO f.m.h.d.c.s.SurveyReplyService [SurveyReplyService.java:91] surveyFilledInPeriod() end
2023-11-24 12:36:38,977 INFO f.m.h.d.c.s.SurveyReplyService [SurveyReplyService.java:97] getPeriod() started
2023-11-24 12:36:38,977 INFO f.m.h.d.c.s.SurveyReplyService [SurveyReplyService.java:101] getPeriod() end
2023-11-24 12:36:38,977 INFO f.m.h.d.c.s.SurveyReplyService [SurveyReplyService.java:91] surveyFilledInPeriod() end
2023-11-24 12:36:38,977 INFO f.m.h.d.c.s.SurveyReplyService [SurveyReplyService.java:97] getPeriod() started
2023-11-24 12:36:38,977 INFO f.m.h.d.c.s.SurveyReplyService [SurveyReplyService.java:101] getPeriod() end
2023-11-24 12:36:38,978 INFO f.m.h.d.c.s.SurveyReplyService [SurveyReplyService.java:91] surveyFilledInPeriod() end
2023-11-24 12:36:38,978 INFO f.m.h.d.c.b.SurveyReplyController [SurveyReplyController.java:170] getSurveyFilledLastSevenDays() end1
2023-11-24 12:36:38,978 INFO f.m.h.d.c.u.b.SurveyReplyControllerTest [SurveyReplyControllerTest.java:248] getSurveyFilledLastSevenDaysTest() end
]]></system-out>
  </testcase>
  <testcase name="testInsertSurveyReplyKOforSurveyID" classname="franco.maurizio.hr.desk.com.unit.backend.SurveyReplyControllerTest" time="0.014">
    <system-out><![CDATA[2023-11-24 12:36:38,985 INFO f.m.h.d.c.u.b.SurveyReplyControllerTest [SurveyReplyControllerTest.java:139]  ### testInsertSurveyReplyKOforSurveyID() - START ### 
2023-11-24 12:36:38,986 INFO f.m.h.d.c.b.SurveyReplyController [SurveyReplyController.java:66] Creating Survey Reply : SurveyReply [id=100, surveyId=6, candidateId=120, starttime=2018-12-03T13:01, endtime=2018-12-03T13:01, answers=testAnswer, pdffilename=testPDF, points=testPoints]
2023-11-24 12:36:38,993 INFO f.m.h.d.c.u.b.SurveyReplyControllerTest [SurveyReplyControllerTest.java:155]  ### testInsertSurveyReplyKOforSurveyID() - END ### 
]]></system-out>
  </testcase>
  <testcase name="testDeleteSurveyReplySuccessfully" classname="franco.maurizio.hr.desk.com.unit.backend.SurveyReplyControllerTest" time="0.007">
    <system-out><![CDATA[2023-11-24 12:36:39,003 INFO f.m.h.d.c.u.b.SurveyReplyControllerTest [SurveyReplyControllerTest.java:181]  ### testDeleteSurveyReplySuccessfully() - START ### 
2023-11-24 12:36:39,004 INFO f.m.h.d.c.u.b.SurveyReplyControllerTest [SurveyReplyControllerTest.java:196]  ### testDeleteSurveyReplySuccessfully() - END ### 
]]></system-out>
  </testcase>
  <testcase name="testUpdateSurveyReplySuccessfully" classname="franco.maurizio.hr.desk.com.unit.backend.SurveyReplyControllerTest" time="0.005">
    <system-out><![CDATA[2023-11-24 12:36:39,012 INFO f.m.h.d.c.u.b.SurveyReplyControllerTest [SurveyReplyControllerTest.java:201]  ### testUpdateSurveyReplySuccessfully() - START ### 
2023-11-24 12:36:39,013 INFO f.m.h.d.c.u.b.SurveyReplyControllerTest [SurveyReplyControllerTest.java:218]  ### testUpdateSurveyReplySuccessfully() - END ### 
]]></system-out>
  </testcase>
  <testcase name="testInsertSurveyReplyKOforUserID" classname="franco.maurizio.hr.desk.com.unit.backend.SurveyReplyControllerTest" time="0.007">
    <system-out><![CDATA[2023-11-24 12:36:39,020 INFO f.m.h.d.c.u.b.SurveyReplyControllerTest [SurveyReplyControllerTest.java:160]  ### testInsertSurveyReplyKOforUserID() - START ### 
2023-11-24 12:36:39,021 INFO f.m.h.d.c.b.SurveyReplyController [SurveyReplyController.java:66] Creating Survey Reply : SurveyReply [id=100, surveyId=6, candidateId=120, starttime=2018-12-03T13:01, endtime=2018-12-03T13:01, answers=testAnswer, pdffilename=testPDF, points=testPoints]
2023-11-24 12:36:39,022 INFO f.m.h.d.c.u.b.SurveyReplyControllerTest [SurveyReplyControllerTest.java:176]  ### testInsertSurveyReplyKOforUserID() - END ### 
]]></system-out>
  </testcase>
  <testcase name="getSurveyFilledYesterdayTest" classname="franco.maurizio.hr.desk.com.unit.backend.SurveyReplyControllerTest" time="0.007">
    <system-out><![CDATA[2023-11-24 12:36:39,030 INFO f.m.h.d.c.u.b.SurveyReplyControllerTest [SurveyReplyControllerTest.java:252] getSurveyFilledToday()Test() started
2023-11-24 12:36:39,031 INFO f.m.h.d.c.b.SurveyReplyController [SurveyReplyController.java:177] getSurveyFilledToday() started
2023-11-24 12:36:39,031 INFO f.m.h.d.c.s.SurveyReplyService [SurveyReplyService.java:97] getPeriod() started
2023-11-24 12:36:39,032 INFO f.m.h.d.c.s.SurveyReplyService [SurveyReplyService.java:101] getPeriod() end
2023-11-24 12:36:39,032 INFO f.m.h.d.c.b.SurveyReplyController [SurveyReplyController.java:181] getSurveyFilledToday() end 1
2023-11-24 12:36:39,032 INFO f.m.h.d.c.u.b.SurveyReplyControllerTest [SurveyReplyControllerTest.java:263] getSurveyFilledToday()Test() end
]]></system-out>
  </testcase>
  <testcase name="testInsertSurveyReplySuccessfully" classname="franco.maurizio.hr.desk.com.unit.backend.SurveyReplyControllerTest" time="0.008">
    <system-out><![CDATA[2023-11-24 12:36:39,041 INFO f.m.h.d.c.u.b.SurveyReplyControllerTest [SurveyReplyControllerTest.java:111]  ### testInsertSurveyReplySuccessfully() - START ### 
2023-11-24 12:36:39,042 INFO f.m.h.d.c.b.SurveyReplyController [SurveyReplyController.java:66] Creating Survey Reply : SurveyReply [id=100, surveyId=6, candidateId=120, starttime=2018-12-03T13:01, endtime=2018-12-03T13:01, answers=testAnswer, pdffilename=testPDF, points=testPoints]
2023-11-24 12:36:39,043 INFO f.m.h.d.c.u.b.SurveyReplyControllerTest [SurveyReplyControllerTest.java:134]  ### testInsertSurveyReplySuccessfully() - END ### 
]]></system-out>
  </testcase>
  <testcase name="getSurveyFilledLastWeekTest" classname="franco.maurizio.hr.desk.com.unit.backend.SurveyReplyControllerTest" time="0.013">
    <system-out><![CDATA[2023-11-24 12:36:39,052 INFO f.m.h.d.c.u.b.SurveyReplyControllerTest [SurveyReplyControllerTest.java:268] getSurveyFilledLastSevenDaysTest() started
2023-11-24 12:36:39,052 INFO f.m.h.d.c.b.SurveyReplyController [SurveyReplyController.java:188] getSurveyFilledLastSevenDays() started
2023-11-24 12:36:39,053 INFO f.m.h.d.c.s.SurveyReplyService [SurveyReplyService.java:65] surveyFilledInPeriod() started
2023-11-24 12:36:39,053 INFO f.m.h.d.c.s.SurveyReplyService [SurveyReplyService.java:97] getPeriod() started
2023-11-24 12:36:39,053 INFO f.m.h.d.c.s.SurveyReplyService [SurveyReplyService.java:101] getPeriod() end
2023-11-24 12:36:39,053 INFO f.m.h.d.c.s.SurveyReplyService [SurveyReplyService.java:75] surveyFilledInPeriod() end
2023-11-24 12:36:39,054 INFO f.m.h.d.c.s.SurveyReplyService [SurveyReplyService.java:97] getPeriod() started
2023-11-24 12:36:39,054 INFO f.m.h.d.c.s.SurveyReplyService [SurveyReplyService.java:101] getPeriod() end
2023-11-24 12:36:39,054 INFO f.m.h.d.c.s.SurveyReplyService [SurveyReplyService.java:75] surveyFilledInPeriod() end
2023-11-24 12:36:39,055 INFO f.m.h.d.c.s.SurveyReplyService [SurveyReplyService.java:97] getPeriod() started
2023-11-24 12:36:39,055 INFO f.m.h.d.c.s.SurveyReplyService [SurveyReplyService.java:101] getPeriod() end
2023-11-24 12:36:39,055 INFO f.m.h.d.c.s.SurveyReplyService [SurveyReplyService.java:75] surveyFilledInPeriod() end
2023-11-24 12:36:39,055 INFO f.m.h.d.c.s.SurveyReplyService [SurveyReplyService.java:97] getPeriod() started
2023-11-24 12:36:39,056 INFO f.m.h.d.c.s.SurveyReplyService [SurveyReplyService.java:101] getPeriod() end
2023-11-24 12:36:39,056 INFO f.m.h.d.c.s.SurveyReplyService [SurveyReplyService.java:75] surveyFilledInPeriod() end
2023-11-24 12:36:39,056 INFO f.m.h.d.c.s.SurveyReplyService [SurveyReplyService.java:97] getPeriod() started
2023-11-24 12:36:39,056 INFO f.m.h.d.c.s.SurveyReplyService [SurveyReplyService.java:101] getPeriod() end
2023-11-24 12:36:39,057 INFO f.m.h.d.c.s.SurveyReplyService [SurveyReplyService.java:75] surveyFilledInPeriod() end
2023-11-24 12:36:39,057 INFO f.m.h.d.c.s.SurveyReplyService [SurveyReplyService.java:97] getPeriod() started
2023-11-24 12:36:39,057 INFO f.m.h.d.c.s.SurveyReplyService [SurveyReplyService.java:101] getPeriod() end
2023-11-24 12:36:39,057 INFO f.m.h.d.c.s.SurveyReplyService [SurveyReplyService.java:75] surveyFilledInPeriod() end
2023-11-24 12:36:39,058 INFO f.m.h.d.c.s.SurveyReplyService [SurveyReplyService.java:97] getPeriod() started
2023-11-24 12:36:39,058 INFO f.m.h.d.c.s.SurveyReplyService [SurveyReplyService.java:101] getPeriod() end
2023-11-24 12:36:39,058 INFO f.m.h.d.c.s.SurveyReplyService [SurveyReplyService.java:75] surveyFilledInPeriod() end
2023-11-24 12:36:39,058 INFO f.m.h.d.c.s.SurveyReplyService [SurveyReplyService.java:97] getPeriod() started
2023-11-24 12:36:39,059 INFO f.m.h.d.c.s.SurveyReplyService [SurveyReplyService.java:101] getPeriod() end
2023-11-24 12:36:39,059 INFO f.m.h.d.c.s.SurveyReplyService [SurveyReplyService.java:75] surveyFilledInPeriod() end
2023-11-24 12:36:39,059 INFO f.m.h.d.c.b.SurveyReplyController [SurveyReplyController.java:190] getSurveyFilledLastSevenDays() end1
2023-11-24 12:36:39,059 INFO f.m.h.d.c.u.b.SurveyReplyControllerTest [SurveyReplyControllerTest.java:279] getSurveyFilledLastSevenDaysTest() end
]]></system-out>
  </testcase>
  <testcase name="testGetAllSurveyReply" classname="franco.maurizio.hr.desk.com.unit.backend.SurveyReplyControllerTest" time="0.005">
    <system-out><![CDATA[2023-11-24 12:36:39,067 INFO f.m.h.d.c.u.b.SurveyReplyControllerTest [SurveyReplyControllerTest.java:72]  ### testGetAllSurveyReply() - START ### 
2023-11-24 12:36:39,068 INFO f.m.h.d.c.u.b.SurveyReplyControllerTest [SurveyReplyControllerTest.java:79]  ### testGetAllSurveyReply() - END ### 
]]></system-out>
  </testcase>
  <testcase name="testGetSurveyReplyById" classname="franco.maurizio.hr.desk.com.unit.backend.SurveyReplyControllerTest" time="0.006">
    <system-out><![CDATA[2023-11-24 12:36:39,076 INFO f.m.h.d.c.u.b.SurveyReplyControllerTest [SurveyReplyControllerTest.java:84]  ### testGetSurveyReplyById() - START ### 
2023-11-24 12:36:39,077 INFO f.m.h.d.c.u.b.SurveyReplyControllerTest [SurveyReplyControllerTest.java:106]  ### testGetSurveyReplyById() - END ### 
]]></system-out>
  </testcase>
  <testcase name="getSurveyFilledTodayTest" classname="franco.maurizio.hr.desk.com.unit.backend.SurveyReplyControllerTest" time="0.006">
    <system-out><![CDATA[2023-11-24 12:36:39,084 INFO f.m.h.d.c.u.b.SurveyReplyControllerTest [SurveyReplyControllerTest.java:223] getSurveyFilledToday()Test() started
2023-11-24 12:36:39,085 INFO f.m.h.d.c.b.SurveyReplyController [SurveyReplyController.java:158] getSurveyFilledToday() started
2023-11-24 12:36:39,085 INFO f.m.h.d.c.s.SurveyReplyService [SurveyReplyService.java:97] getPeriod() started
2023-11-24 12:36:39,086 INFO f.m.h.d.c.s.SurveyReplyService [SurveyReplyService.java:101] getPeriod() end
2023-11-24 12:36:39,086 INFO f.m.h.d.c.b.SurveyReplyController [SurveyReplyController.java:161] getSurveyFilledToday() end 1
2023-11-24 12:36:39,086 INFO f.m.h.d.c.u.b.SurveyReplyControllerTest [SurveyReplyControllerTest.java:233] getSurveyFilledToday()Test() end
]]></system-out>
  </testcase>
</testsuite>