<?xml version="1.0" encoding="UTF-8" standalone="yes"?><!DOCTYPE report PUBLIC "-//JACOCO//DTD Report 1.1//EN" "report.dtd"><report name="hr-desk.backend17"><sessioninfo id="toki-468a3dd3" start="1700825779377" dump="1700825811690"/><package name="franco/maurizio/hr/desk/com/dto"><class name="franco/maurizio/hr/desk/com/dto/QuestionAndReply" sourcefilename="QuestionAndReply.java"><method name="&lt;init&gt;" desc="()V" line="18"><counter type="INSTRUCTION" missed="3" covered="0"/><counter type="LINE" missed="2" covered="0"/><counter type="COMPLEXITY" missed="1" covered="0"/><counter type="METHOD" missed="1" covered="0"/></method><method name="&lt;init&gt;" desc="(JLjava/lang/String;Ljava/lang/String;Ljava/lang/String;Ljava/lang/String;Ljava/lang/String;Ljava/lang/String;Ljava/lang/String;Ljava/lang/String;Ljava/lang/String;Ljava/lang/String;Ljava/lang/Boolean;Ljava/lang/Boolean;Ljava/lang/Boolean;Ljava/lang/Boolean;Ljava/lang/Boolean;Ljava/lang/Boolean;Ljava/lang/Boolean;Ljava/lang/Boolean;Ljava/lang/String;Ljava/lang/Long;JLjava/lang/Boolean;Ljava/lang/Boolean;Ljava/lang/Boolean;Ljava/lang/Boolean;Ljava/lang/Boolean;Ljava/lang/Boolean;Ljava/lang/Boolean;Ljava/lang/Boolean;)V" line="28"><counter type="INSTRUCTION" missed="51" covered="0"/><counter type="LINE" missed="11" covered="0"/><counter type="COMPLEXITY" missed="1" covered="0"/><counter type="METHOD" missed="1" covered="0"/></method><method name="getQuestionId" desc="()J" line="46"><counter type="INSTRUCTION" missed="3" covered="0"/><counter type="LINE" missed="1" covered="0"/><counter type="COMPLEXITY" missed="1" covered="0"/><counter type="METHOD" missed="1" covered="0"/></method><method name="setQuestionId" desc="(J)V" line="53"><counter type="INSTRUCTION" missed="4" covered="0"/><counter type="LINE" missed="2" covered="0"/><counter type="COMPLEXITY" missed="1" covered="0"/><counter type="METHOD" missed="1" covered="0"/></method><method name="&lt;init&gt;" desc="(Ljava/lang/Boolean;Ljava/lang/Boolean;Ljava/lang/Boolean;Ljava/lang/Boolean;Ljava/lang/Boolean;Ljava/lang/Boolean;Ljava/lang/Boolean;Ljava/lang/Boolean;)V" line="58"><counter type="INSTRUCTION" missed="27" covered="0"/><counter type="LINE" missed="10" covered="0"/><counter type="COMPLEXITY" missed="1" covered="0"/><counter type="METHOD" missed="1" covered="0"/></method><method name="getUserCansa" desc="()Ljava/lang/Boolean;" line="74"><counter type="INSTRUCTION" missed="3" covered="0"/><counter type="LINE" missed="1" covered="0"/><counter type="COMPLEXITY" missed="1" covered="0"/><counter type="METHOD" missed="1" covered="0"/></method><method name="setUserCansa" desc="(Ljava/lang/Boolean;)V" line="81"><counter type="INSTRUCTION" missed="4" covered="0"/><counter type="LINE" missed="2" covered="0"/><counter type="COMPLEXITY" missed="1" covered="0"/><counter type="METHOD" missed="1" covered="0"/></method><method name="getUserCansb" desc="()Ljava/lang/Boolean;" line="88"><counter type="INSTRUCTION" missed="3" covered="0"/><counter type="LINE" missed="1" covered="0"/><counter type="COMPLEXITY" missed="1" covered="0"/><counter type="METHOD" missed="1" covered="0"/></method><method name="setUserCansb" desc="(Ljava/lang/Boolean;)V" line="95"><counter type="INSTRUCTION" missed="4" covered="0"/><counter type="LINE" missed="2" covered="0"/><counter type="COMPLEXITY" missed="1" covered="0"/><counter type="METHOD" missed="1" covered="0"/></method><method name="getUserCansc" desc="()Ljava/lang/Boolean;" line="102"><counter type="INSTRUCTION" missed="3" covered="0"/><counter type="LINE" missed="1" covered="0"/><counter type="COMPLEXITY" missed="1" covered="0"/><counter type="METHOD" missed="1" covered="0"/></method><method name="setUserCansc" desc="(Ljava/lang/Boolean;)V" line="109"><counter type="INSTRUCTION" missed="4" covered="0"/><counter type="LINE" missed="2" covered="0"/><counter type="COMPLEXITY" missed="1" covered="0"/><counter type="METHOD" missed="1" covered="0"/></method><method name="getUserCansd" desc="()Ljava/lang/Boolean;" line="116"><counter type="INSTRUCTION" missed="3" covered="0"/><counter type="LINE" missed="1" covered="0"/><counter type="COMPLEXITY" missed="1" covered="0"/><counter type="METHOD" missed="1" covered="0"/></method><method name="setUserCansd" desc="(Ljava/lang/Boolean;)V" line="123"><counter type="INSTRUCTION" missed="4" covered="0"/><counter type="LINE" missed="2" covered="0"/><counter type="COMPLEXITY" missed="1" covered="0"/><counter type="METHOD" missed="1" covered="0"/></method><method name="getUserCanse" desc="()Ljava/lang/Boolean;" line="130"><counter type="INSTRUCTION" missed="3" covered="0"/><counter type="LINE" missed="1" covered="0"/><counter type="COMPLEXITY" missed="1" covered="0"/><counter type="METHOD" missed="1" covered="0"/></method><method name="setUserCanse" desc="(Ljava/lang/Boolean;)V" line="137"><counter type="INSTRUCTION" missed="4" covered="0"/><counter type="LINE" missed="2" covered="0"/><counter type="COMPLEXITY" missed="1" covered="0"/><counter type="METHOD" missed="1" covered="0"/></method><method name="getUserCansf" desc="()Ljava/lang/Boolean;" line="144"><counter type="INSTRUCTION" missed="3" covered="0"/><counter type="LINE" missed="1" covered="0"/><counter type="COMPLEXITY" missed="1" covered="0"/><counter type="METHOD" missed="1" covered="0"/></method><method name="setUserCansf" desc="(Ljava/lang/Boolean;)V" line="151"><counter type="INSTRUCTION" missed="4" covered="0"/><counter type="LINE" missed="2" covered="0"/><counter type="COMPLEXITY" missed="1" covered="0"/><counter type="METHOD" missed="1" covered="0"/></method><method name="getUserCansg" desc="()Ljava/lang/Boolean;" line="158"><counter type="INSTRUCTION" missed="3" covered="0"/><counter type="LINE" missed="1" covered="0"/><counter type="COMPLEXITY" missed="1" covered="0"/><counter type="METHOD" missed="1" covered="0"/></method><method name="setUserCansg" desc="(Ljava/lang/Boolean;)V" line="165"><counter type="INSTRUCTION" missed="4" covered="0"/><counter type="LINE" missed="2" covered="0"/><counter type="COMPLEXITY" missed="1" covered="0"/><counter type="METHOD" missed="1" covered="0"/></method><method name="getUserCansh" desc="()Ljava/lang/Boolean;" line="172"><counter type="INSTRUCTION" missed="3" covered="0"/><counter type="LINE" missed="1" covered="0"/><counter type="COMPLEXITY" missed="1" covered="0"/><counter type="METHOD" missed="1" covered="0"/></method><method name="setUserCansh" desc="(Ljava/lang/Boolean;)V" line="179"><counter type="INSTRUCTION" missed="4" covered="0"/><counter type="LINE" missed="2" covered="0"/><counter type="COMPLEXITY" missed="1" covered="0"/><counter type="METHOD" missed="1" covered="0"/></method><method name="toString" desc="()Ljava/lang/String;" line="184"><counter type="INSTRUCTION" missed="68" covered="0"/><counter type="LINE" missed="9" covered="0"/><counter type="COMPLEXITY" missed="1" covered="0"/><counter type="METHOD" missed="1" covered="0"/></method><counter type="INSTRUCTION" missed="212" covered="0"/><counter type="LINE" missed="59" covered="0"/><counter type="COMPLEXITY" missed="22" covered="0"/><counter type="METHOD" missed="22" covered="0"/><counter type="CLASS" missed="1" covered="0"/></class><class name="franco/maurizio/hr/desk/com/dto/SurveyReplyScore" sourcefilename="SurveyReplyScore.java"><method name="getMinRangeScore" desc="()J" line="17"><counter type="INSTRUCTION" missed="3" covered="0"/><counter type="LINE" missed="1" covered="0"/><counter type="COMPLEXITY" missed="1" covered="0"/><counter type="METHOD" missed="1" covered="0"/></method><method name="getMaxRangeScore" desc="()J" line="18"><counter type="INSTRUCTION" missed="3" covered="0"/><counter type="LINE" missed="1" covered="0"/><counter type="COMPLEXITY" missed="1" covered="0"/><counter type="METHOD" missed="1" covered="0"/></method><method name="getScore" desc="()J" line="19"><counter type="INSTRUCTION" missed="3" covered="0"/><counter type="LINE" missed="1" covered="0"/><counter type="COMPLEXITY" missed="1" covered="0"/><counter type="METHOD" missed="1" covered="0"/></method><method name="getScoreAsPercentage" desc="()S" line="20"><counter type="INSTRUCTION" missed="3" covered="0"/><counter type="LINE" missed="1" covered="0"/><counter type="COMPLEXITY" missed="1" covered="0"/><counter type="METHOD" missed="1" covered="0"/></method><method name="setMinRangeScore" desc="(J)V" line="15"><counter type="INSTRUCTION" missed="4" covered="0"/><counter type="LINE" missed="1" covered="0"/><counter type="COMPLEXITY" missed="1" covered="0"/><counter type="METHOD" missed="1" covered="0"/></method><method name="setMaxRangeScore" desc="(J)V" line="15"><counter type="INSTRUCTION" missed="4" covered="0"/><counter type="LINE" missed="1" covered="0"/><counter type="COMPLEXITY" missed="1" covered="0"/><counter type="METHOD" missed="1" covered="0"/></method><method name="setScore" desc="(J)V" line="15"><counter type="INSTRUCTION" missed="4" covered="0"/><counter type="LINE" missed="1" covered="0"/><counter type="COMPLEXITY" missed="1" covered="0"/><counter type="METHOD" missed="1" covered="0"/></method><method name="setScoreAsPercentage" desc="(S)V" line="15"><counter type="INSTRUCTION" missed="4" covered="0"/><counter type="LINE" missed="1" covered="0"/><counter type="COMPLEXITY" missed="1" covered="0"/><counter type="METHOD" missed="1" covered="0"/></method><method name="&lt;init&gt;" desc="()V" line="15"><counter type="INSTRUCTION" missed="3" covered="0"/><counter type="LINE" missed="1" covered="0"/><counter type="COMPLEXITY" missed="1" covered="0"/><counter type="METHOD" missed="1" covered="0"/></method><method name="toString" desc="()Ljava/lang/String;" line="15"><counter type="INSTRUCTION" missed="10" covered="0"/><counter type="LINE" missed="1" covered="0"/><counter type="COMPLEXITY" missed="1" covered="0"/><counter type="METHOD" missed="1" covered="0"/></method><counter type="INSTRUCTION" missed="41" covered="0"/><counter type="LINE" missed="5" covered="0"/><counter type="COMPLEXITY" missed="10" covered="0"/><counter type="METHOD" missed="10" covered="0"/><counter type="CLASS" missed="1" covered="0"/></class><class name="franco/maurizio/hr/desk/com/dto/AswerJsonResponse" sourcefilename="AswerJsonResponse.java"><method name="&lt;init&gt;" desc="()V" line="3"><counter type="INSTRUCTION" missed="3" covered="0"/><counter type="LINE" missed="1" covered="0"/><counter type="COMPLEXITY" missed="1" covered="0"/><counter type="METHOD" missed="1" covered="0"/></method><method name="getQuestionId" desc="()Ljava/lang/Long;" line="19"><counter type="INSTRUCTION" missed="3" covered="0"/><counter type="LINE" missed="1" covered="0"/><counter type="COMPLEXITY" missed="1" covered="0"/><counter type="METHOD" missed="1" covered="0"/></method><method name="setQuestionId" desc="(Ljava/lang/Long;)V" line="25"><counter type="INSTRUCTION" missed="4" covered="0"/><counter type="LINE" missed="2" covered="0"/><counter type="COMPLEXITY" missed="1" covered="0"/><counter type="METHOD" missed="1" covered="0"/></method><method name="getCansa" desc="()Ljava/lang/Boolean;" line="31"><counter type="INSTRUCTION" missed="3" covered="0"/><counter type="LINE" missed="1" covered="0"/><counter type="COMPLEXITY" missed="1" covered="0"/><counter type="METHOD" missed="1" covered="0"/></method><method name="setCansa" desc="(Ljava/lang/Boolean;)V" line="37"><counter type="INSTRUCTION" missed="4" covered="0"/><counter type="LINE" missed="2" covered="0"/><counter type="COMPLEXITY" missed="1" covered="0"/><counter type="METHOD" missed="1" covered="0"/></method><method name="getCansb" desc="()Ljava/lang/Boolean;" line="43"><counter type="INSTRUCTION" missed="3" covered="0"/><counter type="LINE" missed="1" covered="0"/><counter type="COMPLEXITY" missed="1" covered="0"/><counter type="METHOD" missed="1" covered="0"/></method><method name="setCansb" desc="(Ljava/lang/Boolean;)V" line="49"><counter type="INSTRUCTION" missed="4" covered="0"/><counter type="LINE" missed="2" covered="0"/><counter type="COMPLEXITY" missed="1" covered="0"/><counter type="METHOD" missed="1" covered="0"/></method><method name="getCansc" desc="()Ljava/lang/Boolean;" line="55"><counter type="INSTRUCTION" missed="3" covered="0"/><counter type="LINE" missed="1" covered="0"/><counter type="COMPLEXITY" missed="1" covered="0"/><counter type="METHOD" missed="1" covered="0"/></method><method name="setCansc" desc="(Ljava/lang/Boolean;)V" line="61"><counter type="INSTRUCTION" missed="4" covered="0"/><counter type="LINE" missed="2" covered="0"/><counter type="COMPLEXITY" missed="1" covered="0"/><counter type="METHOD" missed="1" covered="0"/></method><method name="getCansd" desc="()Ljava/lang/Boolean;" line="67"><counter type="INSTRUCTION" missed="3" covered="0"/><counter type="LINE" missed="1" covered="0"/><counter type="COMPLEXITY" missed="1" covered="0"/><counter type="METHOD" missed="1" covered="0"/></method><method name="setCansd" desc="(Ljava/lang/Boolean;)V" line="73"><counter type="INSTRUCTION" missed="4" covered="0"/><counter type="LINE" missed="2" covered="0"/><counter type="COMPLEXITY" missed="1" covered="0"/><counter type="METHOD" missed="1" covered="0"/></method><method name="getCanse" desc="()Ljava/lang/Boolean;" line="79"><counter type="INSTRUCTION" missed="3" covered="0"/><counter type="LINE" missed="1" covered="0"/><counter type="COMPLEXITY" missed="1" covered="0"/><counter type="METHOD" missed="1" covered="0"/></method><method name="setCanse" desc="(Ljava/lang/Boolean;)V" line="85"><counter type="INSTRUCTION" missed="4" covered="0"/><counter type="LINE" missed="2" covered="0"/><counter type="COMPLEXITY" missed="1" covered="0"/><counter type="METHOD" missed="1" covered="0"/></method><method name="getCansf" desc="()Ljava/lang/Boolean;" line="91"><counter type="INSTRUCTION" missed="3" covered="0"/><counter type="LINE" missed="1" covered="0"/><counter type="COMPLEXITY" missed="1" covered="0"/><counter type="METHOD" missed="1" covered="0"/></method><method name="setCansf" desc="(Ljava/lang/Boolean;)V" line="97"><counter type="INSTRUCTION" missed="4" covered="0"/><counter type="LINE" missed="2" covered="0"/><counter type="COMPLEXITY" missed="1" covered="0"/><counter type="METHOD" missed="1" covered="0"/></method><method name="getCansg" desc="()Ljava/lang/Boolean;" line="103"><counter type="INSTRUCTION" missed="3" covered="0"/><counter type="LINE" missed="1" covered="0"/><counter type="COMPLEXITY" missed="1" covered="0"/><counter type="METHOD" missed="1" covered="0"/></method><method name="setCansg" desc="(Ljava/lang/Boolean;)V" line="109"><counter type="INSTRUCTION" missed="4" covered="0"/><counter type="LINE" missed="2" covered="0"/><counter type="COMPLEXITY" missed="1" covered="0"/><counter type="METHOD" missed="1" covered="0"/></method><method name="getCansh" desc="()Ljava/lang/Boolean;" line="115"><counter type="INSTRUCTION" missed="3" covered="0"/><counter type="LINE" missed="1" covered="0"/><counter type="COMPLEXITY" missed="1" covered="0"/><counter type="METHOD" missed="1" covered="0"/></method><method name="setCansh" desc="(Ljava/lang/Boolean;)V" line="121"><counter type="INSTRUCTION" missed="4" covered="0"/><counter type="LINE" missed="2" covered="0"/><counter type="COMPLEXITY" missed="1" covered="0"/><counter type="METHOD" missed="1" covered="0"/></method><method name="toString" desc="()Ljava/lang/String;" line="126"><counter type="INSTRUCTION" missed="20" covered="0"/><counter type="LINE" missed="1" covered="0"/><counter type="COMPLEXITY" missed="1" covered="0"/><counter type="METHOD" missed="1" covered="0"/></method><counter type="INSTRUCTION" missed="86" covered="0"/><counter type="LINE" missed="29" covered="0"/><counter type="COMPLEXITY" missed="20" covered="0"/><counter type="METHOD" missed="20" covered="0"/><counter type="CLASS" missed="1" covered="0"/></class><sourcefile name="SurveyReplyScore.java"><line nr="15" mi="29" ci="0" mb="0" cb="0"/><line nr="17" mi="3" ci="0" mb="0" cb="0"/><line nr="18" mi="3" ci="0" mb="0" cb="0"/><line nr="19" mi="3" ci="0" mb="0" cb="0"/><line nr="20" mi="3" ci="0" mb="0" cb="0"/><counter type="INSTRUCTION" missed="41" covered="0"/><counter type="LINE" missed="5" covered="0"/><counter type="COMPLEXITY" missed="10" covered="0"/><counter type="METHOD" missed="10" covered="0"/><counter type="CLASS" missed="1" covered="0"/></sourcefile><sourcefile name="QuestionAndReply.java"><line nr="18" mi="2" ci="0" mb="0" cb="0"/><line nr="19" mi="1" ci="0" mb="0" cb="0"/><line nr="28" mi="23" ci="0" mb="0" cb="0"/><line nr="31" mi="3" ci="0" mb="0" cb="0"/><line nr="32" mi="3" ci="0" mb="0" cb="0"/><line nr="33" mi="3" ci="0" mb="0" cb="0"/><line nr="34" mi="3" ci="0" mb="0" cb="0"/><line nr="35" mi="3" ci="0" mb="0" cb="0"/><line nr="36" mi="3" ci="0" mb="0" cb="0"/><line nr="37" mi="3" ci="0" mb="0" cb="0"/><line nr="38" mi="3" ci="0" mb="0" cb="0"/><line nr="39" mi="3" ci="0" mb="0" cb="0"/><line nr="40" mi="1" ci="0" mb="0" cb="0"/><line nr="46" mi="3" ci="0" mb="0" cb="0"/><line nr="53" mi="3" ci="0" mb="0" cb="0"/><line nr="54" mi="1" ci="0" mb="0" cb="0"/><line nr="58" mi="2" ci="0" mb="0" cb="0"/><line nr="60" mi="3" ci="0" mb="0" cb="0"/><line nr="61" mi="3" ci="0" mb="0" cb="0"/><line nr="62" mi="3" ci="0" mb="0" cb="0"/><line nr="63" mi="3" ci="0" mb="0" cb="0"/><line nr="64" mi="3" ci="0" mb="0" cb="0"/><line nr="65" mi="3" ci="0" mb="0" cb="0"/><line nr="66" mi="3" ci="0" mb="0" cb="0"/><line nr="67" mi="3" ci="0" mb="0" cb="0"/><line nr="68" mi="1" ci="0" mb="0" cb="0"/><line nr="74" mi="3" ci="0" mb="0" cb="0"/><line nr="81" mi="3" ci="0" mb="0" cb="0"/><line nr="82" mi="1" ci="0" mb="0" cb="0"/><line nr="88" mi="3" ci="0" mb="0" cb="0"/><line nr="95" mi="3" ci="0" mb="0" cb="0"/><line nr="96" mi="1" ci="0" mb="0" cb="0"/><line nr="102" mi="3" ci="0" mb="0" cb="0"/><line nr="109" mi="3" ci="0" mb="0" cb="0"/><line nr="110" mi="1" ci="0" mb="0" cb="0"/><line nr="116" mi="3" ci="0" mb="0" cb="0"/><line nr="123" mi="3" ci="0" mb="0" cb="0"/><line nr="124" mi="1" ci="0" mb="0" cb="0"/><line nr="130" mi="3" ci="0" mb="0" cb="0"/><line nr="137" mi="3" ci="0" mb="0" cb="0"/><line nr="138" mi="1" ci="0" mb="0" cb="0"/><line nr="144" mi="3" ci="0" mb="0" cb="0"/><line nr="151" mi="3" ci="0" mb="0" cb="0"/><line nr="152" mi="1" ci="0" mb="0" cb="0"/><line nr="158" mi="3" ci="0" mb="0" cb="0"/><line nr="165" mi="3" ci="0" mb="0" cb="0"/><line nr="166" mi="1" ci="0" mb="0" cb="0"/><line nr="172" mi="3" ci="0" mb="0" cb="0"/><line nr="179" mi="3" ci="0" mb="0" cb="0"/><line nr="180" mi="1" ci="0" mb="0" cb="0"/><line nr="184" mi="20" ci="0" mb="0" cb="0"/><line nr="187" mi="6" ci="0" mb="0" cb="0"/><line nr="188" mi="6" ci="0" mb="0" cb="0"/><line nr="189" mi="8" ci="0" mb="0" cb="0"/><line nr="190" mi="6" ci="0" mb="0" cb="0"/><line nr="191" mi="6" ci="0" mb="0" cb="0"/><line nr="192" mi="6" ci="0" mb="0" cb="0"/><line nr="193" mi="6" ci="0" mb="0" cb="0"/><line nr="194" mi="4" ci="0" mb="0" cb="0"/><counter type="INSTRUCTION" missed="212" covered="0"/><counter type="LINE" missed="59" covered="0"/><counter type="COMPLEXITY" missed="22" covered="0"/><counter type="METHOD" missed="22" covered="0"/><counter type="CLASS" missed="1" covered="0"/></sourcefile><sourcefile name="AswerJsonResponse.java"><line nr="3" mi="3" ci="0" mb="0" cb="0"/><line nr="19" mi="3" ci="0" mb="0" cb="0"/><line nr="25" mi="3" ci="0" mb="0" cb="0"/><line nr="26" mi="1" ci="0" mb="0" cb="0"/><line nr="31" mi="3" ci="0" mb="0" cb="0"/><line nr="37" mi="3" ci="0" mb="0" cb="0"/><line nr="38" mi="1" ci="0" mb="0" cb="0"/><line nr="43" mi="3" ci="0" mb="0" cb="0"/><line nr="49" mi="3" ci="0" mb="0" cb="0"/><line nr="50" mi="1" ci="0" mb="0" cb="0"/><line nr="55" mi="3" ci="0" mb="0" cb="0"/><line nr="61" mi="3" ci="0" mb="0" cb="0"/><line nr="62" mi="1" ci="0" mb="0" cb="0"/><line nr="67" mi="3" ci="0" mb="0" cb="0"/><line nr="73" mi="3" ci="0" mb="0" cb="0"/><line nr="74" mi="1" ci="0" mb="0" cb="0"/><line nr="79" mi="3" ci="0" mb="0" cb="0"/><line nr="85" mi="3" ci="0" mb="0" cb="0"/><line nr="86" mi="1" ci="0" mb="0" cb="0"/><line nr="91" mi="3" ci="0" mb="0" cb="0"/><line nr="97" mi="3" ci="0" mb="0" cb="0"/><line nr="98" mi="1" ci="0" mb="0" cb="0"/><line nr="103" mi="3" ci="0" mb="0" cb="0"/><line nr="109" mi="3" ci="0" mb="0" cb="0"/><line nr="110" mi="1" ci="0" mb="0" cb="0"/><line nr="115" mi="3" ci="0" mb="0" cb="0"/><line nr="121" mi="3" ci="0" mb="0" cb="0"/><line nr="122" mi="1" ci="0" mb="0" cb="0"/><line nr="126" mi="20" ci="0" mb="0" cb="0"/><counter type="INSTRUCTION" missed="86" covered="0"/><counter type="LINE" missed="29" covered="0"/><counter type="COMPLEXITY" missed="20" covered="0"/><counter type="METHOD" missed="20" covered="0"/><counter type="CLASS" missed="1" covered="0"/></sourcefile><counter type="INSTRUCTION" missed="339" covered="0"/><counter type="LINE" missed="93" covered="0"/><counter type="COMPLEXITY" missed="52" covered="0"/><counter type="METHOD" missed="52" covered="0"/><counter type="CLASS" missed="3" covered="0"/></package><package name="franco/maurizio/hr/desk/com/util"><class name="franco/maurizio/hr/desk/com/util/RandomTokenGenerator" sourcefilename="RandomTokenGenerator.java"><method name="&lt;init&gt;" desc="()V" line="12"><counter type="INSTRUCTION" missed="3" covered="0"/><counter type="LINE" missed="1" covered="0"/><counter type="COMPLEXITY" missed="1" covered="0"/><counter type="METHOD" missed="1" covered="0"/></method><method name="generate" desc="()Ljava/lang/String;" line="19"><counter type="INSTRUCTION" missed="0" covered="24"/><counter type="BRANCH" missed="0" covered="2"/><counter type="LINE" missed="0" covered="4"/><counter type="COMPLEXITY" missed="0" covered="2"/><counter type="METHOD" missed="0" covered="1"/></method><method name="&lt;clinit&gt;" desc="()V" line="15"><counter type="INSTRUCTION" missed="0" covered="6"/><counter type="LINE" missed="0" covered="1"/><counter type="COMPLEXITY" missed="0" covered="1"/><counter type="METHOD" missed="0" covered="1"/></method><counter type="INSTRUCTION" missed="3" covered="30"/><counter type="BRANCH" missed="0" covered="2"/><counter type="LINE" missed="1" covered="5"/><counter type="COMPLEXITY" missed="1" covered="3"/><counter type="METHOD" missed="1" covered="2"/><counter type="CLASS" missed="0" covered="1"/></class><sourcefile name="RandomTokenGenerator.java"><line nr="12" mi="3" ci="0" mb="0" cb="0"/><line nr="15" mi="0" ci="6" mb="0" cb="0"/><line nr="19" mi="0" ci="5" mb="0" cb="0"/><line nr="20" mi="0" ci="7" mb="0" cb="2"/><line nr="21" mi="0" ci="9" mb="0" cb="0"/><line nr="23" mi="0" ci="3" mb="0" cb="0"/><counter type="INSTRUCTION" missed="3" covered="30"/><counter type="BRANCH" missed="0" covered="2"/><counter type="LINE" missed="1" covered="5"/><counter type="COMPLEXITY" missed="1" covered="3"/><counter type="METHOD" missed="1" covered="2"/><counter type="CLASS" missed="0" covered="1"/></sourcefile><counter type="INSTRUCTION" missed="3" covered="30"/><counter type="BRANCH" missed="0" covered="2"/><counter type="LINE" missed="1" covered="5"/><counter type="COMPLEXITY" missed="1" covered="3"/><counter type="METHOD" missed="1" covered="2"/><counter type="CLASS" missed="0" covered="1"/></package><package name="franco/maurizio/hr/desk/com/backend"><class name="franco/maurizio/hr/desk/com/backend/PdfController" sourcefilename="PdfController.java"><method name="&lt;init&gt;" desc="()V" line="23"><counter type="INSTRUCTION" missed="0" covered="3"/><counter type="LINE" missed="0" covered="1"/><counter type="COMPLEXITY" missed="0" covered="1"/><counter type="METHOD" missed="0" covered="1"/></method><method name="createPdfForSurveyFromId" desc="(Ljava/lang/Long;)Lorg/springframework/http/ResponseEntity;" line="33"><counter type="INSTRUCTION" missed="28" covered="0"/><counter type="BRANCH" missed="2" covered="0"/><counter type="LINE" missed="6" covered="0"/><counter type="COMPLEXITY" missed="2" covered="0"/><counter type="METHOD" missed="1" covered="0"/></method><method name="&lt;clinit&gt;" desc="()V" line="25"><counter type="INSTRUCTION" missed="0" covered="4"/><counter type="LINE" missed="0" covered="1"/><counter type="COMPLEXITY" missed="0" covered="1"/><counter type="METHOD" missed="0" covered="1"/></method><counter type="INSTRUCTION" missed="28" covered="7"/><counter type="BRANCH" missed="2" covered="0"/><counter type="LINE" missed="6" covered="2"/><counter type="COMPLEXITY" missed="2" covered="2"/><counter type="METHOD" missed="1" covered="2"/><counter type="CLASS" missed="0" covered="1"/></class><class name="franco/maurizio/hr/desk/com/backend/SurveyController" sourcefilename="SurveyController.java"><method name="&lt;init&gt;" desc="()V" line="43"><counter type="INSTRUCTION" missed="0" covered="8"/><counter type="LINE" missed="0" covered="2"/><counter type="COMPLEXITY" missed="0" covered="1"/><counter type="METHOD" missed="0" covered="1"/></method><method name="setSurveyJpaRepository" desc="(Lfranco/maurizio/hr/desk/com/persistence/repository/SurveyRepository;)V" line="57"><counter type="INSTRUCTION" missed="0" covered="4"/><counter type="LINE" missed="0" covered="2"/><counter type="COMPLEXITY" missed="0" covered="1"/><counter type="METHOD" missed="0" covered="1"/></method><method name="listAllSurvey" desc="()Lorg/springframework/http/ResponseEntity;" line="63"><counter type="INSTRUCTION" missed="5" covered="13"/><counter type="BRANCH" missed="1" covered="1"/><counter type="LINE" missed="1" covered="3"/><counter type="COMPLEXITY" missed="1" covered="1"/><counter type="METHOD" missed="0" covered="1"/></method><method name="createSurvey" desc="(Lfranco/maurizio/hr/desk/com/persistence/entity/Survey;)Lorg/springframework/http/ResponseEntity;" line="78"><counter type="INSTRUCTION" missed="0" covered="15"/><counter type="LINE" missed="0" covered="3"/><counter type="COMPLEXITY" missed="0" covered="1"/><counter type="METHOD" missed="0" covered="1"/></method><method name="getSurveyById" desc="(Ljava/lang/Long;)Lorg/springframework/http/ResponseEntity;" line="86"><counter type="INSTRUCTION" missed="10" covered="16"/><counter type="BRANCH" missed="1" covered="1"/><counter type="LINE" missed="1" covered="3"/><counter type="COMPLEXITY" missed="1" covered="1"/><counter type="METHOD" missed="0" covered="1"/></method><method name="updateSurvay" desc="(Ljava/lang/Long;Lfranco/maurizio/hr/desk/com/persistence/entity/Survey;)Lorg/springframework/http/ResponseEntity;" line="103"><counter type="INSTRUCTION" missed="10" covered="41"/><counter type="BRANCH" missed="1" covered="1"/><counter type="LINE" missed="1" covered="7"/><counter type="COMPLEXITY" missed="1" covered="1"/><counter type="METHOD" missed="0" covered="1"/></method><method name="deleteSurvey" desc="(Ljava/lang/Long;)Lorg/springframework/http/ResponseEntity;" line="127"><counter type="INSTRUCTION" missed="10" covered="19"/><counter type="BRANCH" missed="1" covered="1"/><counter type="LINE" missed="1" covered="4"/><counter type="COMPLEXITY" missed="1" covered="1"/><counter type="METHOD" missed="0" covered="1"/></method><method name="getSurveyForCandidate" desc="(Ljava/lang/String;)Lorg/springframework/http/ResponseEntity;" line="144"><counter type="INSTRUCTION" missed="182" covered="0"/><counter type="BRANCH" missed="6" covered="0"/><counter type="LINE" missed="43" covered="0"/><counter type="COMPLEXITY" missed="4" covered="0"/><counter type="METHOD" missed="1" covered="0"/></method><method name="&lt;clinit&gt;" desc="()V" line="45"><counter type="INSTRUCTION" missed="0" covered="4"/><counter type="LINE" missed="0" covered="1"/><counter type="COMPLEXITY" missed="0" covered="1"/><counter type="METHOD" missed="0" covered="1"/></method><counter type="INSTRUCTION" missed="217" covered="120"/><counter type="BRANCH" missed="10" covered="4"/><counter type="LINE" missed="47" covered="25"/><counter type="COMPLEXITY" missed="8" covered="8"/><counter type="METHOD" missed="1" covered="8"/><counter type="CLASS" missed="0" covered="1"/></class><class name="franco/maurizio/hr/desk/com/backend/RoleController" sourcefilename="RoleController.java"><method name="&lt;init&gt;" desc="()V" line="41"><counter type="INSTRUCTION" missed="0" covered="3"/><counter type="LINE" missed="0" covered="1"/><counter type="COMPLEXITY" missed="0" covered="1"/><counter type="METHOD" missed="0" covered="1"/></method><method name="getRoles" desc="()Lorg/springframework/http/ResponseEntity;" line="51"><counter type="INSTRUCTION" missed="5" covered="13"/><counter type="BRANCH" missed="1" covered="1"/><counter type="LINE" missed="1" covered="3"/><counter type="COMPLEXITY" missed="1" covered="1"/><counter type="METHOD" missed="0" covered="1"/></method><method name="getRoleById" desc="(Ljava/lang/Long;)Lorg/springframework/http/ResponseEntity;" line="62"><counter type="INSTRUCTION" missed="10" covered="16"/><counter type="BRANCH" missed="1" covered="1"/><counter type="LINE" missed="1" covered="3"/><counter type="COMPLEXITY" missed="1" covered="1"/><counter type="METHOD" missed="0" covered="1"/></method><method name="getRoleByLevel" desc="(Ljava/lang/Integer;)Lorg/springframework/http/ResponseEntity;" line="75"><counter type="INSTRUCTION" missed="28" covered="0"/><counter type="BRANCH" missed="2" covered="0"/><counter type="LINE" missed="5" covered="0"/><counter type="COMPLEXITY" missed="2" covered="0"/><counter type="METHOD" missed="1" covered="0"/></method><method name="createRole" desc="(Lfranco/maurizio/hr/desk/com/persistence/entity/Role;)Lorg/springframework/http/ResponseEntity;" line="90"><counter type="INSTRUCTION" missed="11" covered="21"/><counter type="BRANCH" missed="1" covered="1"/><counter type="LINE" missed="2" covered="4"/><counter type="COMPLEXITY" missed="1" covered="1"/><counter type="METHOD" missed="0" covered="1"/></method><method name="updateRole" desc="(Ljava/lang/Long;Lfranco/maurizio/hr/desk/com/persistence/entity/Role;)Lorg/springframework/http/ResponseEntity;" line="108"><counter type="INSTRUCTION" missed="10" covered="35"/><counter type="BRANCH" missed="1" covered="1"/><counter type="LINE" missed="1" covered="8"/><counter type="COMPLEXITY" missed="1" covered="1"/><counter type="METHOD" missed="0" covered="1"/></method><method name="deleteRole" desc="(Ljava/lang/Long;)Lorg/springframework/http/ResponseEntity;" line="129"><counter type="INSTRUCTION" missed="10" covered="19"/><counter type="BRANCH" missed="1" covered="1"/><counter type="LINE" missed="1" covered="4"/><counter type="COMPLEXITY" missed="1" covered="1"/><counter type="METHOD" missed="0" covered="1"/></method><method name="&lt;clinit&gt;" desc="()V" line="42"><counter type="INSTRUCTION" missed="0" covered="4"/><counter type="LINE" missed="0" covered="1"/><counter type="COMPLEXITY" missed="0" covered="1"/><counter type="METHOD" missed="0" covered="1"/></method><counter type="INSTRUCTION" missed="74" covered="111"/><counter type="BRANCH" missed="7" covered="5"/><counter type="LINE" missed="11" covered="24"/><counter type="COMPLEXITY" missed="7" covered="7"/><counter type="METHOD" missed="1" covered="7"/><counter type="CLASS" missed="0" covered="1"/></class><class name="franco/maurizio/hr/desk/com/backend/SurveyReplyController" sourcefilename="SurveyReplyController.java"><method name="&lt;init&gt;" desc="()V" line="35"><counter type="INSTRUCTION" missed="0" covered="3"/><counter type="LINE" missed="0" covered="1"/><counter type="COMPLEXITY" missed="0" covered="1"/><counter type="METHOD" missed="0" covered="1"/></method><method name="setSurveyReplyJpaRepository" desc="(Lfranco/maurizio/hr/desk/com/persistence/repository/surveyreply/SurveyReplyRepository;)V" line="50"><counter type="INSTRUCTION" missed="0" covered="4"/><counter type="LINE" missed="0" covered="2"/><counter type="COMPLEXITY" missed="0" covered="1"/><counter type="METHOD" missed="0" covered="1"/></method><method name="listAllSurveyReplies" desc="()Lorg/springframework/http/ResponseEntity;" line="56"><counter type="INSTRUCTION" missed="5" covered="13"/><counter type="BRANCH" missed="1" covered="1"/><counter type="LINE" missed="1" covered="3"/><counter type="COMPLEXITY" missed="1" covered="1"/><counter type="METHOD" missed="0" covered="1"/></method><method name="createSurveyReply" desc="(Lfranco/maurizio/hr/desk/com/persistence/entity/SurveyReply;)Lorg/springframework/http/ResponseEntity;" line="66"><counter type="INSTRUCTION" missed="0" covered="51"/><counter type="BRANCH" missed="0" covered="4"/><counter type="LINE" missed="0" covered="9"/><counter type="COMPLEXITY" missed="0" covered="3"/><counter type="METHOD" missed="0" covered="1"/></method><method name="getSurveyReplyById" desc="(Ljava/lang/Long;)Lorg/springframework/http/ResponseEntity;" line="83"><counter type="INSTRUCTION" missed="10" covered="16"/><counter type="BRANCH" missed="1" covered="1"/><counter type="LINE" missed="1" covered="3"/><counter type="COMPLEXITY" missed="1" covered="1"/><counter type="METHOD" missed="0" covered="1"/></method><method name="updateSurveyReply" desc="(Ljava/lang/Long;Lfranco/maurizio/hr/desk/com/persistence/entity/SurveyReply;)Lorg/springframework/http/ResponseEntity;" line="96"><counter type="INSTRUCTION" missed="10" covered="65"/><counter type="BRANCH" missed="1" covered="1"/><counter type="LINE" missed="1" covered="11"/><counter type="COMPLEXITY" missed="1" covered="1"/><counter type="METHOD" missed="0" covered="1"/></method><method name="deleteSurveyReply" desc="(Ljava/lang/Long;)Lorg/springframework/http/ResponseEntity;" line="121"><counter type="INSTRUCTION" missed="10" covered="19"/><counter type="BRANCH" missed="1" covered="1"/><counter type="LINE" missed="1" covered="4"/><counter type="COMPLEXITY" missed="1" covered="1"/><counter type="METHOD" missed="0" covered="1"/></method><method name="getSurveyReplyEndTimeLastWeek" desc="()Lorg/springframework/http/ResponseEntity;" line="135"><counter type="INSTRUCTION" missed="11" covered="0"/><counter type="LINE" missed="2" covered="0"/><counter type="COMPLEXITY" missed="1" covered="0"/><counter type="METHOD" missed="1" covered="0"/></method><method name="getSurveyReplyEndTimeLastMonth" desc="()Lorg/springframework/http/ResponseEntity;" line="143"><counter type="INSTRUCTION" missed="11" covered="0"/><counter type="LINE" missed="2" covered="0"/><counter type="COMPLEXITY" missed="1" covered="0"/><counter type="METHOD" missed="1" covered="0"/></method><method name="getSurveyReplyEndTimeLastYear" desc="()Lorg/springframework/http/ResponseEntity;" line="151"><counter type="INSTRUCTION" missed="11" covered="0"/><counter type="LINE" missed="2" covered="0"/><counter type="COMPLEXITY" missed="1" covered="0"/><counter type="METHOD" missed="1" covered="0"/></method><method name="getSurveyFilledToday" desc="()Lorg/springframework/http/ResponseEntity;" line="158"><counter type="INSTRUCTION" missed="0" covered="21"/><counter type="LINE" missed="0" covered="5"/><counter type="COMPLEXITY" missed="0" covered="1"/><counter type="METHOD" missed="0" covered="1"/></method><method name="getSurveyFilledLastSevenDays" desc="()Lorg/springframework/http/ResponseEntity;" line="168"><counter type="INSTRUCTION" missed="0" covered="19"/><counter type="LINE" missed="0" covered="4"/><counter type="COMPLEXITY" missed="0" covered="1"/><counter type="METHOD" missed="0" covered="1"/></method><method name="getSurveyFilledYesterday" desc="()Lorg/springframework/http/ResponseEntity;" line="177"><counter type="INSTRUCTION" missed="0" covered="25"/><counter type="LINE" missed="0" covered="6"/><counter type="COMPLEXITY" missed="0" covered="1"/><counter type="METHOD" missed="0" covered="1"/></method><method name="getSurveyFilledLastWeek" desc="()Lorg/springframework/http/ResponseEntity;" line="188"><counter type="INSTRUCTION" missed="0" covered="19"/><counter type="LINE" missed="0" covered="4"/><counter type="COMPLEXITY" missed="0" covered="1"/><counter type="METHOD" missed="0" covered="1"/></method><method name="&lt;clinit&gt;" desc="()V" line="37"><counter type="INSTRUCTION" missed="0" covered="4"/><counter type="LINE" missed="0" covered="1"/><counter type="COMPLEXITY" missed="0" covered="1"/><counter type="METHOD" missed="0" covered="1"/></method><counter type="INSTRUCTION" missed="68" covered="259"/><counter type="BRANCH" missed="4" covered="8"/><counter type="LINE" missed="10" covered="53"/><counter type="COMPLEXITY" missed="7" covered="14"/><counter type="METHOD" missed="3" covered="12"/><counter type="CLASS" missed="0" covered="1"/></class><class name="franco/maurizio/hr/desk/com/backend/CandidateSurveyTokenController" sourcefilename="CandidateSurveyTokenController.java"><method name="&lt;init&gt;" desc="()V" line="46"><counter type="INSTRUCTION" missed="0" covered="3"/><counter type="LINE" missed="0" covered="1"/><counter type="COMPLEXITY" missed="0" covered="1"/><counter type="METHOD" missed="0" covered="1"/></method><method name="listAllQuestions" desc="()Lorg/springframework/http/ResponseEntity;" line="63"><counter type="INSTRUCTION" missed="5" covered="13"/><counter type="BRANCH" missed="1" covered="1"/><counter type="LINE" missed="1" covered="3"/><counter type="COMPLEXITY" missed="1" covered="1"/><counter type="METHOD" missed="0" covered="1"/></method><method name="getCandidateSurveyTokenById" desc="(Ljava/lang/Long;)Lorg/springframework/http/ResponseEntity;" line="73"><counter type="INSTRUCTION" missed="10" covered="16"/><counter type="BRANCH" missed="1" covered="1"/><counter type="LINE" missed="1" covered="3"/><counter type="COMPLEXITY" missed="1" covered="1"/><counter type="METHOD" missed="0" covered="1"/></method><method name="deleteUserSurveyToken" desc="(Ljava/lang/Long;)Lorg/springframework/http/ResponseEntity;" line="86"><counter type="INSTRUCTION" missed="10" covered="17"/><counter type="BRANCH" missed="1" covered="1"/><counter type="LINE" missed="1" covered="4"/><counter type="COMPLEXITY" missed="1" covered="1"/><counter type="METHOD" missed="0" covered="1"/></method><method name="createCandidateSurveyToken" desc="(Lfranco/maurizio/hr/desk/com/persistence/entity/CandidateSurveyToken;)Lorg/springframework/http/ResponseEntity;" line="100"><counter type="INSTRUCTION" missed="36" covered="35"/><counter type="BRANCH" missed="4" covered="4"/><counter type="LINE" missed="4" covered="9"/><counter type="COMPLEXITY" missed="4" covered="1"/><counter type="METHOD" missed="0" covered="1"/></method><method name="sendEmail" desc="(Ljava/lang/Long;)Lorg/springframework/http/ResponseEntity;" line="130"><counter type="INSTRUCTION" missed="114" covered="0"/><counter type="BRANCH" missed="4" covered="0"/><counter type="LINE" missed="25" covered="0"/><counter type="COMPLEXITY" missed="3" covered="0"/><counter type="METHOD" missed="1" covered="0"/></method><method name="&lt;clinit&gt;" desc="()V" line="48"><counter type="INSTRUCTION" missed="0" covered="4"/><counter type="LINE" missed="0" covered="1"/><counter type="COMPLEXITY" missed="0" covered="1"/><counter type="METHOD" missed="0" covered="1"/></method><counter type="INSTRUCTION" missed="175" covered="88"/><counter type="BRANCH" missed="11" covered="7"/><counter type="LINE" missed="32" covered="21"/><counter type="COMPLEXITY" missed="10" covered="6"/><counter type="METHOD" missed="1" covered="6"/><counter type="CLASS" missed="0" covered="1"/></class><class name="franco/maurizio/hr/desk/com/backend/StatisticsController" sourcefilename="StatisticsController.java"><method name="&lt;init&gt;" desc="()V" line="26"><counter type="INSTRUCTION" missed="0" covered="3"/><counter type="LINE" missed="0" covered="1"/><counter type="COMPLEXITY" missed="0" covered="1"/><counter type="METHOD" missed="0" covered="1"/></method><method name="getCourseCodeStatisticsModelList" desc="()Lorg/springframework/http/ResponseEntity;" line="34"><counter type="INSTRUCTION" missed="18" covered="0"/><counter type="BRANCH" missed="2" covered="0"/><counter type="LINE" missed="4" covered="0"/><counter type="COMPLEXITY" missed="2" covered="0"/><counter type="METHOD" missed="1" covered="0"/></method><method name="&lt;clinit&gt;" desc="()V" line="27"><counter type="INSTRUCTION" missed="0" covered="4"/><counter type="LINE" missed="0" covered="1"/><counter type="COMPLEXITY" missed="0" covered="1"/><counter type="METHOD" missed="0" covered="1"/></method><counter type="INSTRUCTION" missed="18" covered="7"/><counter type="BRANCH" missed="2" covered="0"/><counter type="LINE" missed="4" covered="2"/><counter type="COMPLEXITY" missed="2" covered="2"/><counter type="METHOD" missed="1" covered="2"/><counter type="CLASS" missed="0" covered="1"/></class><class name="franco/maurizio/hr/desk/com/backend/CoursePageController" sourcefilename="CoursePageController.java"><method name="&lt;init&gt;" desc="()V" line="50"><counter type="INSTRUCTION" missed="0" covered="6"/><counter type="LINE" missed="0" covered="2"/><counter type="COMPLEXITY" missed="0" covered="1"/><counter type="METHOD" missed="0" covered="1"/></method><method name="setCoursePageJpaRepository" desc="(Lfranco/maurizio/hr/desk/com/persistence/repository/coursepage/CoursePageRepository;)V" line="186"><counter type="INSTRUCTION" missed="0" covered="4"/><counter type="LINE" missed="0" covered="2"/><counter type="COMPLEXITY" missed="0" covered="1"/><counter type="METHOD" missed="0" covered="1"/></method><method name="listAllCoursePage" desc="()Lorg/springframework/http/ResponseEntity;" line="192"><counter type="INSTRUCTION" missed="5" covered="13"/><counter type="BRANCH" missed="1" covered="1"/><counter type="LINE" missed="1" covered="3"/><counter type="COMPLEXITY" missed="1" covered="1"/><counter type="METHOD" missed="0" covered="1"/></method><method name="createCoursePage" desc="(Lfranco/maurizio/hr/desk/com/persistence/entity/CoursePage;)Lorg/springframework/http/ResponseEntity;" line="206"><counter type="INSTRUCTION" missed="0" covered="15"/><counter type="LINE" missed="0" covered="3"/><counter type="COMPLEXITY" missed="0" covered="1"/><counter type="METHOD" missed="0" covered="1"/></method><method name="createCoursePageCustom" desc="(Lfranco/maurizio/hr/desk/com/persistence/entity/custom/CoursePageCustom;)Lorg/springframework/http/ResponseEntity;" line="215"><counter type="INSTRUCTION" missed="15" covered="0"/><counter type="LINE" missed="3" covered="0"/><counter type="COMPLEXITY" missed="1" covered="0"/><counter type="METHOD" missed="1" covered="0"/></method><method name="setCoursePageOnline" desc="(Ljava/lang/Long;)Lorg/springframework/http/ResponseEntity;" line="226"><counter type="INSTRUCTION" missed="63" covered="0"/><counter type="BRANCH" missed="2" covered="0"/><counter type="LINE" missed="15" covered="0"/><counter type="COMPLEXITY" missed="2" covered="0"/><counter type="METHOD" missed="1" covered="0"/></method><method name="getCoursePageByCode" desc="(Ljava/lang/String;)Lorg/springframework/http/ResponseEntity;" line="299"><counter type="INSTRUCTION" missed="34" covered="0"/><counter type="BRANCH" missed="2" covered="0"/><counter type="LINE" missed="8" covered="0"/><counter type="COMPLEXITY" missed="2" covered="0"/><counter type="METHOD" missed="1" covered="0"/></method><method name="setCoursePageOffline" desc="(Ljava/lang/Long;)Lorg/springframework/http/ResponseEntity;" line="318"><counter type="INSTRUCTION" missed="60" covered="0"/><counter type="BRANCH" missed="2" covered="0"/><counter type="LINE" missed="14" covered="0"/><counter type="COMPLEXITY" missed="2" covered="0"/><counter type="METHOD" missed="1" covered="0"/></method><method name="getCoursePageById" desc="(Ljava/lang/Long;)Lorg/springframework/http/ResponseEntity;" line="349"><counter type="INSTRUCTION" missed="10" covered="16"/><counter type="BRANCH" missed="1" covered="1"/><counter type="LINE" missed="1" covered="3"/><counter type="COMPLEXITY" missed="1" covered="1"/><counter type="METHOD" missed="0" covered="1"/></method><method name="updateCoursePage" desc="(Ljava/lang/Long;Lfranco/maurizio/hr/desk/com/persistence/entity/CoursePage;)Lorg/springframework/http/ResponseEntity;" line="364"><counter type="INSTRUCTION" missed="10" covered="65"/><counter type="BRANCH" missed="1" covered="1"/><counter type="LINE" missed="1" covered="11"/><counter type="COMPLEXITY" missed="1" covered="1"/><counter type="METHOD" missed="0" covered="1"/></method><method name="deleteCoursePage" desc="(Ljava/lang/Long;)Lorg/springframework/http/ResponseEntity;" line="388"><counter type="INSTRUCTION" missed="48" covered="19"/><counter type="BRANCH" missed="1" covered="1"/><counter type="LINE" missed="8" covered="4"/><counter type="COMPLEXITY" missed="1" covered="1"/><counter type="METHOD" missed="0" covered="1"/></method><method name="deleteFile" desc="(Ljava/lang/Long;)Lorg/springframework/http/ResponseEntity;" line="410"><counter type="INSTRUCTION" missed="63" covered="0"/><counter type="BRANCH" missed="6" covered="0"/><counter type="LINE" missed="14" covered="0"/><counter type="COMPLEXITY" missed="4" covered="0"/><counter type="METHOD" missed="1" covered="0"/></method><method name="deleteCoursePageFile" desc="(Lfranco/maurizio/hr/desk/com/persistence/entity/CoursePage;)Z" line="438"><counter type="INSTRUCTION" missed="47" covered="0"/><counter type="BRANCH" missed="6" covered="0"/><counter type="LINE" missed="12" covered="0"/><counter type="COMPLEXITY" missed="4" covered="0"/><counter type="METHOD" missed="1" covered="0"/></method><method name="listAllCourseCode" desc="()Lorg/springframework/http/ResponseEntity;" line="465"><counter type="INSTRUCTION" missed="66" covered="0"/><counter type="BRANCH" missed="4" covered="0"/><counter type="LINE" missed="14" covered="0"/><counter type="COMPLEXITY" missed="3" covered="0"/><counter type="METHOD" missed="1" covered="0"/></method><method name="&lt;clinit&gt;" desc="()V" line="175"><counter type="INSTRUCTION" missed="0" covered="4"/><counter type="LINE" missed="0" covered="1"/><counter type="COMPLEXITY" missed="0" covered="1"/><counter type="METHOD" missed="0" covered="1"/></method><counter type="INSTRUCTION" missed="421" covered="142"/><counter type="BRANCH" missed="26" covered="4"/><counter type="LINE" missed="91" covered="29"/><counter type="COMPLEXITY" missed="22" covered="8"/><counter type="METHOD" missed="7" covered="8"/><counter type="CLASS" missed="0" covered="1"/></class><class name="franco/maurizio/hr/desk/com/backend/UserController" sourcefilename="UserController.java"><method name="&lt;init&gt;" desc="()V" line="58"><counter type="INSTRUCTION" missed="0" covered="3"/><counter type="LINE" missed="0" covered="1"/><counter type="COMPLEXITY" missed="0" covered="1"/><counter type="METHOD" missed="0" covered="1"/></method><method name="getUsers" desc="()Lorg/springframework/http/ResponseEntity;" line="76"><counter type="INSTRUCTION" missed="5" covered="13"/><counter type="BRANCH" missed="1" covered="1"/><counter type="LINE" missed="1" covered="3"/><counter type="COMPLEXITY" missed="1" covered="1"/><counter type="METHOD" missed="0" covered="1"/></method><method name="getUserByEmail" desc="(Ljava/lang/String;)Lorg/springframework/http/ResponseEntity;" line="86"><counter type="INSTRUCTION" missed="21" covered="0"/><counter type="BRANCH" missed="2" covered="0"/><counter type="LINE" missed="4" covered="0"/><counter type="COMPLEXITY" missed="2" covered="0"/><counter type="METHOD" missed="1" covered="0"/></method><method name="getPaginatedUsers" desc="(II)Lorg/springframework/http/ResponseEntity;" line="101"><counter type="INSTRUCTION" missed="28" covered="0"/><counter type="BRANCH" missed="2" covered="0"/><counter type="LINE" missed="4" covered="0"/><counter type="COMPLEXITY" missed="2" covered="0"/><counter type="METHOD" missed="1" covered="0"/></method><method name="getUserById" desc="(Ljava/lang/Long;)Lorg/springframework/http/ResponseEntity;" line="116"><counter type="INSTRUCTION" missed="10" covered="16"/><counter type="BRANCH" missed="1" covered="1"/><counter type="LINE" missed="1" covered="3"/><counter type="COMPLEXITY" missed="1" covered="1"/><counter type="METHOD" missed="0" covered="1"/></method><method name="getUserByRole" desc="(Ljava/lang/Integer;)Lorg/springframework/http/ResponseEntity;" line="134"><counter type="INSTRUCTION" missed="40" covered="0"/><counter type="BRANCH" missed="4" covered="0"/><counter type="LINE" missed="8" covered="0"/><counter type="COMPLEXITY" missed="3" covered="0"/><counter type="METHOD" missed="1" covered="0"/></method><method name="createUser" desc="(Lfranco/maurizio/hr/desk/com/persistence/entity/User;)Lorg/springframework/http/ResponseEntity;" line="153"><counter type="INSTRUCTION" missed="0" covered="73"/><counter type="BRANCH" missed="0" covered="4"/><counter type="LINE" missed="0" covered="14"/><counter type="COMPLEXITY" missed="0" covered="3"/><counter type="METHOD" missed="0" covered="1"/></method><method name="updateUser" desc="(Ljava/lang/Long;Lfranco/maurizio/hr/desk/com/persistence/entity/User;)Lorg/springframework/http/ResponseEntity;" line="193"><counter type="INSTRUCTION" missed="25" covered="56"/><counter type="BRANCH" missed="1" covered="3"/><counter type="LINE" missed="4" covered="12"/><counter type="COMPLEXITY" missed="1" covered="2"/><counter type="METHOD" missed="0" covered="1"/></method><method name="deleteUser" desc="(Ljava/lang/Long;)Lorg/springframework/http/ResponseEntity;" line="242"><counter type="INSTRUCTION" missed="10" covered="19"/><counter type="BRANCH" missed="1" covered="1"/><counter type="LINE" missed="1" covered="4"/><counter type="COMPLEXITY" missed="1" covered="1"/><counter type="METHOD" missed="0" covered="1"/></method><method name="updateUserEnabledByid" desc="(Ljava/lang/Long;)Lorg/springframework/http/ResponseEntity;" line="271"><counter type="INSTRUCTION" missed="84" covered="0"/><counter type="BRANCH" missed="8" covered="0"/><counter type="LINE" missed="13" covered="0"/><counter type="COMPLEXITY" missed="5" covered="0"/><counter type="METHOD" missed="1" covered="0"/></method><method name="updatePasswordById" desc="(Ljava/lang/Long;Ljava/lang/String;)Lorg/springframework/http/ResponseEntity;" line="298"><counter type="INSTRUCTION" missed="70" covered="0"/><counter type="BRANCH" missed="2" covered="0"/><counter type="LINE" missed="14" covered="0"/><counter type="COMPLEXITY" missed="2" covered="0"/><counter type="METHOD" missed="1" covered="0"/></method><method name="&lt;clinit&gt;" desc="()V" line="60"><counter type="INSTRUCTION" missed="0" covered="4"/><counter type="LINE" missed="0" covered="1"/><counter type="COMPLEXITY" missed="0" covered="1"/><counter type="METHOD" missed="0" covered="1"/></method><counter type="INSTRUCTION" missed="293" covered="184"/><counter type="BRANCH" missed="22" covered="10"/><counter type="LINE" missed="50" covered="38"/><counter type="COMPLEXITY" missed="18" covered="10"/><counter type="METHOD" missed="5" covered="7"/><counter type="CLASS" missed="0" covered="1"/></class><class name="franco/maurizio/hr/desk/com/backend/AuthenticationController" sourcefilename="AuthenticationController.java"><method name="&lt;init&gt;" desc="()V" line="20"><counter type="INSTRUCTION" missed="0" covered="3"/><counter type="LINE" missed="0" covered="1"/><counter type="COMPLEXITY" missed="0" covered="1"/><counter type="METHOD" missed="0" covered="1"/></method><method name="gettingUserForAuthentication" desc="(Ljava/security/Principal;)Ljava/security/Principal;" line="26"><counter type="INSTRUCTION" missed="5" covered="0"/><counter type="LINE" missed="2" covered="0"/><counter type="COMPLEXITY" missed="1" covered="0"/><counter type="METHOD" missed="1" covered="0"/></method><method name="&lt;clinit&gt;" desc="()V" line="22"><counter type="INSTRUCTION" missed="0" covered="4"/><counter type="LINE" missed="0" covered="1"/><counter type="COMPLEXITY" missed="0" covered="1"/><counter type="METHOD" missed="0" covered="1"/></method><counter type="INSTRUCTION" missed="5" covered="7"/><counter type="LINE" missed="2" covered="2"/><counter type="COMPLEXITY" missed="1" covered="2"/><counter type="METHOD" missed="1" covered="2"/><counter type="CLASS" missed="0" covered="1"/></class><class name="franco/maurizio/hr/desk/com/backend/CustomCode" sourcefilename="CustomCode.java"><method name="&lt;init&gt;" desc="()V" line="15"><counter type="INSTRUCTION" missed="3" covered="0"/><counter type="LINE" missed="2" covered="0"/><counter type="COMPLEXITY" missed="1" covered="0"/><counter type="METHOD" missed="1" covered="0"/></method><method name="getCode" desc="()Ljava/lang/String;" line="20"><counter type="INSTRUCTION" missed="3" covered="0"/><counter type="LINE" missed="1" covered="0"/><counter type="COMPLEXITY" missed="1" covered="0"/><counter type="METHOD" missed="1" covered="0"/></method><method name="setCode" desc="(Ljava/lang/String;)V" line="24"><counter type="INSTRUCTION" missed="4" covered="0"/><counter type="LINE" missed="2" covered="0"/><counter type="COMPLEXITY" missed="1" covered="0"/><counter type="METHOD" missed="1" covered="0"/></method><counter type="INSTRUCTION" missed="10" covered="0"/><counter type="LINE" missed="5" covered="0"/><counter type="COMPLEXITY" missed="3" covered="0"/><counter type="METHOD" missed="3" covered="0"/><counter type="CLASS" missed="1" covered="0"/></class><class name="franco/maurizio/hr/desk/com/backend/CandidateStatesController" sourcefilename="CandidateStatesController.java"><method name="&lt;init&gt;" desc="()V" line="41"><counter type="INSTRUCTION" missed="0" covered="3"/><counter type="LINE" missed="0" covered="1"/><counter type="COMPLEXITY" missed="0" covered="1"/><counter type="METHOD" missed="0" covered="1"/></method><method name="setCoursePageJpaRepository" desc="(Lfranco/maurizio/hr/desk/com/persistence/repository/CandidateStatesRepository;)V" line="50"><counter type="INSTRUCTION" missed="0" covered="4"/><counter type="LINE" missed="0" covered="2"/><counter type="COMPLEXITY" missed="0" covered="1"/><counter type="METHOD" missed="0" covered="1"/></method><method name="listAllCandidatesStates" desc="()Lorg/springframework/http/ResponseEntity;" line="55"><counter type="INSTRUCTION" missed="5" covered="13"/><counter type="BRANCH" missed="1" covered="1"/><counter type="LINE" missed="1" covered="3"/><counter type="COMPLEXITY" missed="1" covered="1"/><counter type="METHOD" missed="0" covered="1"/></method><method name="listAllCandidatesStatesByCode" desc="()Lorg/springframework/http/ResponseEntity;" line="67"><counter type="INSTRUCTION" missed="26" covered="0"/><counter type="BRANCH" missed="2" covered="0"/><counter type="LINE" missed="4" covered="0"/><counter type="COMPLEXITY" missed="2" covered="0"/><counter type="METHOD" missed="1" covered="0"/></method><method name="createCandidateStates" desc="(Lfranco/maurizio/hr/desk/com/persistence/entity/CandidateStates;)Lorg/springframework/http/ResponseEntity;" line="80"><counter type="INSTRUCTION" missed="0" covered="15"/><counter type="LINE" missed="0" covered="3"/><counter type="COMPLEXITY" missed="0" covered="1"/><counter type="METHOD" missed="0" covered="1"/></method><method name="updateCandidateStates" desc="(Ljava/lang/Long;Lfranco/maurizio/hr/desk/com/persistence/entity/CandidateStates;)Lorg/springframework/http/ResponseEntity;" line="89"><counter type="INSTRUCTION" missed="10" covered="53"/><counter type="BRANCH" missed="1" covered="1"/><counter type="LINE" missed="1" covered="9"/><counter type="COMPLEXITY" missed="1" covered="1"/><counter type="METHOD" missed="0" covered="1"/></method><method name="getCandidateStatesById" desc="(Ljava/lang/Long;)Lorg/springframework/http/ResponseEntity;" line="110"><counter type="INSTRUCTION" missed="10" covered="16"/><counter type="BRANCH" missed="1" covered="1"/><counter type="LINE" missed="1" covered="3"/><counter type="COMPLEXITY" missed="1" covered="1"/><counter type="METHOD" missed="0" covered="1"/></method><method name="deleteCandidateStates" desc="(Ljava/lang/Long;)Lorg/springframework/http/ResponseEntity;" line="120"><counter type="INSTRUCTION" missed="10" covered="19"/><counter type="BRANCH" missed="1" covered="1"/><counter type="LINE" missed="1" covered="4"/><counter type="COMPLEXITY" missed="1" covered="1"/><counter type="METHOD" missed="0" covered="1"/></method><method name="&lt;clinit&gt;" desc="()V" line="43"><counter type="INSTRUCTION" missed="0" covered="4"/><counter type="LINE" missed="0" covered="1"/><counter type="COMPLEXITY" missed="0" covered="1"/><counter type="METHOD" missed="0" covered="1"/></method><counter type="INSTRUCTION" missed="61" covered="127"/><counter type="BRANCH" missed="6" covered="4"/><counter type="LINE" missed="8" covered="26"/><counter type="COMPLEXITY" missed="6" covered="8"/><counter type="METHOD" missed="1" covered="8"/><counter type="CLASS" missed="0" covered="1"/></class><class name="franco/maurizio/hr/desk/com/backend/SurveyQuestionCustomController" sourcefilename="SurveyQuestionCustomController.java"><method name="&lt;init&gt;" desc="()V" line="27"><counter type="INSTRUCTION" missed="0" covered="3"/><counter type="LINE" missed="0" covered="1"/><counter type="COMPLEXITY" missed="0" covered="1"/><counter type="METHOD" missed="0" covered="1"/></method><method name="listAllSurveyQuestion" desc="()Lorg/springframework/http/ResponseEntity;" line="40"><counter type="INSTRUCTION" missed="18" covered="0"/><counter type="BRANCH" missed="2" covered="0"/><counter type="LINE" missed="4" covered="0"/><counter type="COMPLEXITY" missed="2" covered="0"/><counter type="METHOD" missed="1" covered="0"/></method><method name="&lt;clinit&gt;" desc="()V" line="29"><counter type="INSTRUCTION" missed="0" covered="4"/><counter type="LINE" missed="0" covered="1"/><counter type="COMPLEXITY" missed="0" covered="1"/><counter type="METHOD" missed="0" covered="1"/></method><counter type="INSTRUCTION" missed="18" covered="7"/><counter type="BRANCH" missed="2" covered="0"/><counter type="LINE" missed="4" covered="2"/><counter type="COMPLEXITY" missed="2" covered="2"/><counter type="METHOD" missed="1" covered="2"/><counter type="CLASS" missed="0" covered="1"/></class><class name="franco/maurizio/hr/desk/com/backend/ApplicationVersionController" sourcefilename="ApplicationVersionController.java"><method name="&lt;init&gt;" desc="()V" line="26"><counter type="INSTRUCTION" missed="0" covered="3"/><counter type="LINE" missed="0" covered="1"/><counter type="COMPLEXITY" missed="0" covered="1"/><counter type="METHOD" missed="0" covered="1"/></method><method name="getApplicationVersionInfo" desc="()Lorg/springframework/http/ResponseEntity;" line="55"><counter type="INSTRUCTION" missed="8" covered="0"/><counter type="LINE" missed="1" covered="0"/><counter type="COMPLEXITY" missed="1" covered="0"/><counter type="METHOD" missed="1" covered="0"/></method><method name="&lt;clinit&gt;" desc="()V" line="28"><counter type="INSTRUCTION" missed="0" covered="4"/><counter type="LINE" missed="0" covered="1"/><counter type="COMPLEXITY" missed="0" covered="1"/><counter type="METHOD" missed="0" covered="1"/></method><counter type="INSTRUCTION" missed="8" covered="7"/><counter type="LINE" missed="1" covered="2"/><counter type="COMPLEXITY" missed="1" covered="2"/><counter type="METHOD" missed="1" covered="2"/><counter type="CLASS" missed="0" covered="1"/></class><class name="franco/maurizio/hr/desk/com/backend/CoursePageCustomController" sourcefilename="CoursePageCustomController.java"><method name="&lt;init&gt;" desc="()V" line="30"><counter type="INSTRUCTION" missed="0" covered="3"/><counter type="LINE" missed="0" covered="1"/><counter type="COMPLEXITY" missed="0" covered="1"/><counter type="METHOD" missed="0" covered="1"/></method><method name="listAllCoursePageCustom" desc="()Lorg/springframework/http/ResponseEntity;" line="40"><counter type="INSTRUCTION" missed="33" covered="0"/><counter type="BRANCH" missed="4" covered="0"/><counter type="LINE" missed="6" covered="0"/><counter type="COMPLEXITY" missed="3" covered="0"/><counter type="METHOD" missed="1" covered="0"/></method><method name="getCoursePageCustomById" desc="(Ljava/lang/Long;)Lorg/springframework/http/ResponseEntity;" line="52"><counter type="INSTRUCTION" missed="18" covered="0"/><counter type="BRANCH" missed="2" covered="0"/><counter type="LINE" missed="3" covered="0"/><counter type="COMPLEXITY" missed="2" covered="0"/><counter type="METHOD" missed="1" covered="0"/></method><method name="updateCoursePageCustomById" desc="(Ljava/lang/Long;Lfranco/maurizio/hr/desk/com/persistence/entity/custom/CoursePageCustom;)Lorg/springframework/http/ResponseEntity;" line="62"><counter type="INSTRUCTION" missed="19" covered="0"/><counter type="BRANCH" missed="2" covered="0"/><counter type="LINE" missed="3" covered="0"/><counter type="COMPLEXITY" missed="2" covered="0"/><counter type="METHOD" missed="1" covered="0"/></method><method name="&lt;clinit&gt;" desc="()V" line="32"><counter type="INSTRUCTION" missed="0" covered="4"/><counter type="LINE" missed="0" covered="1"/><counter type="COMPLEXITY" missed="0" covered="1"/><counter type="METHOD" missed="0" covered="1"/></method><counter type="INSTRUCTION" missed="70" covered="7"/><counter type="BRANCH" missed="8" covered="0"/><counter type="LINE" missed="12" covered="2"/><counter type="COMPLEXITY" missed="7" covered="2"/><counter type="METHOD" missed="3" covered="2"/><counter type="CLASS" missed="0" covered="1"/></class><class name="franco/maurizio/hr/desk/com/backend/CandidateController" sourcefilename="CandidateController.java"><method name="&lt;init&gt;" desc="()V" line="40"><counter type="INSTRUCTION" missed="0" covered="3"/><counter type="LINE" missed="0" covered="1"/><counter type="COMPLEXITY" missed="0" covered="1"/><counter type="METHOD" missed="0" covered="1"/></method><method name="listAllCandidate" desc="()Lorg/springframework/http/ResponseEntity;" line="55"><counter type="INSTRUCTION" missed="18" covered="0"/><counter type="BRANCH" missed="2" covered="0"/><counter type="LINE" missed="4" covered="0"/><counter type="COMPLEXITY" missed="2" covered="0"/><counter type="METHOD" missed="1" covered="0"/></method><method name="getTodayRegistratedCandidates" desc="()Lorg/springframework/http/ResponseEntity;" line="163"><counter type="INSTRUCTION" missed="0" covered="21"/><counter type="LINE" missed="0" covered="5"/><counter type="COMPLEXITY" missed="0" covered="1"/><counter type="METHOD" missed="0" covered="1"/></method><method name="getYesterdayRegistratedCandidates" desc="()Lorg/springframework/http/ResponseEntity;" line="176"><counter type="INSTRUCTION" missed="0" covered="25"/><counter type="LINE" missed="0" covered="6"/><counter type="COMPLEXITY" missed="0" covered="1"/><counter type="METHOD" missed="0" covered="1"/></method><method name="getLastSevenDaysRegistratedCandidates" desc="()Lorg/springframework/http/ResponseEntity;" line="190"><counter type="INSTRUCTION" missed="0" covered="19"/><counter type="LINE" missed="0" covered="4"/><counter type="COMPLEXITY" missed="0" covered="1"/><counter type="METHOD" missed="0" covered="1"/></method><method name="getRegistratedCandidatesOnLastTwoWeeks" desc="()Lorg/springframework/http/ResponseEntity;" line="203"><counter type="INSTRUCTION" missed="0" covered="19"/><counter type="LINE" missed="0" covered="4"/><counter type="COMPLEXITY" missed="0" covered="1"/><counter type="METHOD" missed="0" covered="1"/></method><method name="&lt;clinit&gt;" desc="()V" line="41"><counter type="INSTRUCTION" missed="0" covered="4"/><counter type="LINE" missed="0" covered="1"/><counter type="COMPLEXITY" missed="0" covered="1"/><counter type="METHOD" missed="0" covered="1"/></method><counter type="INSTRUCTION" missed="18" covered="91"/><counter type="BRANCH" missed="2" covered="0"/><counter type="LINE" missed="4" covered="21"/><counter type="COMPLEXITY" missed="2" covered="6"/><counter type="METHOD" missed="1" covered="6"/><counter type="CLASS" missed="0" covered="1"/></class><class name="franco/maurizio/hr/desk/com/backend/PositionUserOwnerController" sourcefilename="PositionUserOwnerController.java"><method name="&lt;init&gt;" desc="()V" line="32"><counter type="INSTRUCTION" missed="0" covered="3"/><counter type="LINE" missed="0" covered="1"/><counter type="COMPLEXITY" missed="0" covered="1"/><counter type="METHOD" missed="0" covered="1"/></method><method name="getByCoursePageId" desc="(Ljava/lang/Long;)Lorg/springframework/http/ResponseEntity;" line="42"><counter type="INSTRUCTION" missed="21" covered="0"/><counter type="BRANCH" missed="2" covered="0"/><counter type="LINE" missed="3" covered="0"/><counter type="COMPLEXITY" missed="2" covered="0"/><counter type="METHOD" missed="1" covered="0"/></method><method name="createPositionUserOwner" desc="(Lfranco/maurizio/hr/desk/com/persistence/entity/PositionUserOwner;)Lorg/springframework/http/ResponseEntity;" line="51"><counter type="INSTRUCTION" missed="15" covered="0"/><counter type="LINE" missed="3" covered="0"/><counter type="COMPLEXITY" missed="1" covered="0"/><counter type="METHOD" missed="1" covered="0"/></method><method name="&lt;clinit&gt;" desc="()V" line="34"><counter type="INSTRUCTION" missed="0" covered="4"/><counter type="LINE" missed="0" covered="1"/><counter type="COMPLEXITY" missed="0" covered="1"/><counter type="METHOD" missed="0" covered="1"/></method><counter type="INSTRUCTION" missed="36" covered="7"/><counter type="BRANCH" missed="2" covered="0"/><counter type="LINE" missed="6" covered="2"/><counter type="COMPLEXITY" missed="3" covered="2"/><counter type="METHOD" missed="2" covered="2"/><counter type="CLASS" missed="0" covered="1"/></class><class name="franco/maurizio/hr/desk/com/backend/CandidateSurveyTokenCustomController" sourcefilename="CandidateSurveyTokenCustomController.java"><method name="&lt;init&gt;" desc="()V" line="35"><counter type="INSTRUCTION" missed="0" covered="3"/><counter type="LINE" missed="0" covered="1"/><counter type="COMPLEXITY" missed="0" covered="1"/><counter type="METHOD" missed="0" covered="1"/></method><method name="listAllUserSurveyToken" desc="()Lorg/springframework/http/ResponseEntity;" line="48"><counter type="INSTRUCTION" missed="18" covered="0"/><counter type="BRANCH" missed="2" covered="0"/><counter type="LINE" missed="4" covered="0"/><counter type="COMPLEXITY" missed="2" covered="0"/><counter type="METHOD" missed="1" covered="0"/></method><method name="getNotJetExecutedAndNotExpiredSurveys" desc="()Lorg/springframework/http/ResponseEntity;" line="73"><counter type="INSTRUCTION" missed="18" covered="0"/><counter type="BRANCH" missed="2" covered="0"/><counter type="LINE" missed="4" covered="0"/><counter type="COMPLEXITY" missed="2" covered="0"/><counter type="METHOD" missed="1" covered="0"/></method><method name="getExecutedSurveys" desc="()Lorg/springframework/http/ResponseEntity;" line="82"><counter type="INSTRUCTION" missed="18" covered="0"/><counter type="BRANCH" missed="2" covered="0"/><counter type="LINE" missed="4" covered="0"/><counter type="COMPLEXITY" missed="2" covered="0"/><counter type="METHOD" missed="1" covered="0"/></method><method name="getExpiredSurveys" desc="()Lorg/springframework/http/ResponseEntity;" line="91"><counter type="INSTRUCTION" missed="18" covered="0"/><counter type="BRANCH" missed="2" covered="0"/><counter type="LINE" missed="4" covered="0"/><counter type="COMPLEXITY" missed="2" covered="0"/><counter type="METHOD" missed="1" covered="0"/></method><method name="&lt;clinit&gt;" desc="()V" line="37"><counter type="INSTRUCTION" missed="0" covered="4"/><counter type="LINE" missed="0" covered="1"/><counter type="COMPLEXITY" missed="0" covered="1"/><counter type="METHOD" missed="0" covered="1"/></method><counter type="INSTRUCTION" missed="72" covered="7"/><counter type="BRANCH" missed="8" covered="0"/><counter type="LINE" missed="16" covered="2"/><counter type="COMPLEXITY" missed="8" covered="2"/><counter type="METHOD" missed="4" covered="2"/><counter type="CLASS" missed="0" covered="1"/></class><class name="franco/maurizio/hr/desk/com/backend/QuestionController" sourcefilename="QuestionController.java"><method name="&lt;init&gt;" desc="()V" line="40"><counter type="INSTRUCTION" missed="0" covered="3"/><counter type="LINE" missed="0" covered="1"/><counter type="COMPLEXITY" missed="0" covered="1"/><counter type="METHOD" missed="0" covered="1"/></method><method name="listAllQuestions" desc="()Lorg/springframework/http/ResponseEntity;" line="57"><counter type="INSTRUCTION" missed="5" covered="13"/><counter type="BRANCH" missed="1" covered="1"/><counter type="LINE" missed="1" covered="3"/><counter type="COMPLEXITY" missed="1" covered="1"/><counter type="METHOD" missed="0" covered="1"/></method><method name="getQuestionById" desc="(Ljava/lang/Long;)Lorg/springframework/http/ResponseEntity;" line="66"><counter type="INSTRUCTION" missed="10" covered="16"/><counter type="BRANCH" missed="1" covered="1"/><counter type="LINE" missed="1" covered="3"/><counter type="COMPLEXITY" missed="1" covered="1"/><counter type="METHOD" missed="0" covered="1"/></method><method name="createQuestion" desc="(Lfranco/maurizio/hr/desk/com/persistence/entity/Question;)Lorg/springframework/http/ResponseEntity;" line="77"><counter type="INSTRUCTION" missed="10" covered="17"/><counter type="BRANCH" missed="1" covered="1"/><counter type="LINE" missed="1" covered="4"/><counter type="COMPLEXITY" missed="1" covered="1"/><counter type="METHOD" missed="0" covered="1"/></method><method name="deleteQuestion" desc="(Ljava/lang/Long;)Lorg/springframework/http/ResponseEntity;" line="119"><counter type="INSTRUCTION" missed="10" covered="47"/><counter type="BRANCH" missed="1" covered="5"/><counter type="LINE" missed="1" covered="8"/><counter type="COMPLEXITY" missed="1" covered="3"/><counter type="METHOD" missed="0" covered="1"/></method><method name="&lt;clinit&gt;" desc="()V" line="41"><counter type="INSTRUCTION" missed="0" covered="4"/><counter type="LINE" missed="0" covered="1"/><counter type="COMPLEXITY" missed="0" covered="1"/><counter type="METHOD" missed="0" covered="1"/></method><counter type="INSTRUCTION" missed="35" covered="100"/><counter type="BRANCH" missed="4" covered="8"/><counter type="LINE" missed="4" covered="20"/><counter type="COMPLEXITY" missed="4" covered="8"/><counter type="METHOD" missed="0" covered="6"/><counter type="CLASS" missed="0" covered="1"/></class><class name="franco/maurizio/hr/desk/com/backend/CandidateCustomController" sourcefilename="CandidateCustomController.java"><method name="&lt;init&gt;" desc="()V" line="36"><counter type="INSTRUCTION" missed="0" covered="3"/><counter type="LINE" missed="0" covered="1"/><counter type="COMPLEXITY" missed="0" covered="1"/><counter type="METHOD" missed="0" covered="1"/></method><method name="getPaginatedCandidate" desc="(II)Lorg/springframework/http/ResponseEntity;" line="84"><counter type="INSTRUCTION" missed="22" covered="0"/><counter type="BRANCH" missed="2" covered="0"/><counter type="LINE" missed="4" covered="0"/><counter type="COMPLEXITY" missed="2" covered="0"/><counter type="METHOD" missed="1" covered="0"/></method><method name="getAllCustomCandidatesPaginatedByCode" desc="(IILjava/lang/String;)Lorg/springframework/http/ResponseEntity;" line="107"><counter type="INSTRUCTION" missed="22" covered="0"/><counter type="BRANCH" missed="2" covered="0"/><counter type="LINE" missed="4" covered="0"/><counter type="COMPLEXITY" missed="2" covered="0"/><counter type="METHOD" missed="1" covered="0"/></method><method name="getCandidateCustomById" desc="(Ljava/lang/Long;)Lorg/springframework/http/ResponseEntity;" line="122"><counter type="INSTRUCTION" missed="0" covered="23"/><counter type="BRANCH" missed="0" covered="2"/><counter type="LINE" missed="0" covered="5"/><counter type="COMPLEXITY" missed="0" covered="2"/><counter type="METHOD" missed="0" covered="1"/></method><method name="insert" desc="(Lfranco/maurizio/hr/desk/com/rest/request/candidate/RequestCandidateCustom;)Lorg/springframework/http/ResponseEntity;" line="256"><counter type="INSTRUCTION" missed="36" covered="0"/><counter type="LINE" missed="8" covered="0"/><counter type="COMPLEXITY" missed="1" covered="0"/><counter type="METHOD" missed="1" covered="0"/></method><method name="update" desc="(Ljava/lang/Long;Lfranco/maurizio/hr/desk/com/rest/request/candidate/RequestUpdateCandidateCustom;)Lorg/springframework/http/ResponseEntity;" line="286"><counter type="INSTRUCTION" missed="57" covered="0"/><counter type="LINE" missed="12" covered="0"/><counter type="COMPLEXITY" missed="1" covered="0"/><counter type="METHOD" missed="1" covered="0"/></method><method name="delete" desc="(Ljava/lang/Long;)Lorg/springframework/http/ResponseEntity;" line="471"><counter type="INSTRUCTION" missed="52" covered="0"/><counter type="LINE" missed="11" covered="0"/><counter type="COMPLEXITY" missed="1" covered="0"/><counter type="METHOD" missed="1" covered="0"/></method><method name="&lt;clinit&gt;" desc="()V" line="41"><counter type="INSTRUCTION" missed="0" covered="4"/><counter type="LINE" missed="0" covered="1"/><counter type="COMPLEXITY" missed="0" covered="1"/><counter type="METHOD" missed="0" covered="1"/></method><counter type="INSTRUCTION" missed="189" covered="30"/><counter type="BRANCH" missed="4" covered="2"/><counter type="LINE" missed="39" covered="7"/><counter type="COMPLEXITY" missed="7" covered="4"/><counter type="METHOD" missed="5" covered="3"/><counter type="CLASS" missed="0" covered="1"/></class><class name="franco/maurizio/hr/desk/com/backend/SurveyReplyRequestController" sourcefilename="SurveyReplyRequestController.java"><method name="&lt;init&gt;" desc="()V" line="46"><counter type="INSTRUCTION" missed="0" covered="3"/><counter type="LINE" missed="0" covered="1"/><counter type="COMPLEXITY" missed="0" covered="1"/><counter type="METHOD" missed="0" covered="1"/></method><method name="insertSurveyReply" desc="(Lfranco/maurizio/hr/desk/com/rest/request/SurveyReplyRequest;)Lorg/springframework/http/ResponseEntity;" line="67"><counter type="INSTRUCTION" missed="22" covered="75"/><counter type="BRANCH" missed="2" covered="2"/><counter type="LINE" missed="4" covered="14"/><counter type="COMPLEXITY" missed="2" covered="1"/><counter type="METHOD" missed="0" covered="1"/></method><method name="insertStartSurveyReply" desc="(Lfranco/maurizio/hr/desk/com/rest/request/SurveyReplyStartRequest;)Lorg/springframework/http/ResponseEntity;" line="98"><counter type="INSTRUCTION" missed="94" covered="0"/><counter type="BRANCH" missed="4" covered="0"/><counter type="LINE" missed="19" covered="0"/><counter type="COMPLEXITY" missed="3" covered="0"/><counter type="METHOD" missed="1" covered="0"/></method><method name="updateSurvay" desc="(Ljava/lang/Long;Lfranco/maurizio/hr/desk/com/rest/request/SurveyReplyRequest;)Lorg/springframework/http/ResponseEntity;" line="135"><counter type="INSTRUCTION" missed="61" covered="0"/><counter type="BRANCH" missed="2" covered="0"/><counter type="LINE" missed="11" covered="0"/><counter type="COMPLEXITY" missed="2" covered="0"/><counter type="METHOD" missed="1" covered="0"/></method><method name="&lt;clinit&gt;" desc="()V" line="63"><counter type="INSTRUCTION" missed="0" covered="4"/><counter type="LINE" missed="0" covered="1"/><counter type="COMPLEXITY" missed="0" covered="1"/><counter type="METHOD" missed="0" covered="1"/></method><counter type="INSTRUCTION" missed="177" covered="82"/><counter type="BRANCH" missed="8" covered="2"/><counter type="LINE" missed="34" covered="16"/><counter type="COMPLEXITY" missed="7" covered="3"/><counter type="METHOD" missed="2" covered="3"/><counter type="CLASS" missed="0" covered="1"/></class><class name="franco/maurizio/hr/desk/com/backend/SurveyQuestionController" sourcefilename="SurveyQuestionController.java"><method name="&lt;init&gt;" desc="()V" line="33"><counter type="INSTRUCTION" missed="0" covered="3"/><counter type="LINE" missed="0" covered="1"/><counter type="COMPLEXITY" missed="0" covered="1"/><counter type="METHOD" missed="0" covered="1"/></method><method name="listAllSurveyQuestion" desc="()Lorg/springframework/http/ResponseEntity;" line="45"><counter type="INSTRUCTION" missed="5" covered="13"/><counter type="BRANCH" missed="1" covered="1"/><counter type="LINE" missed="1" covered="3"/><counter type="COMPLEXITY" missed="1" covered="1"/><counter type="METHOD" missed="0" covered="1"/></method><method name="createSQ" desc="(Lfranco/maurizio/hr/desk/com/persistence/entity/SurveyQuestion;)Lorg/springframework/http/ResponseEntity;" line="54"><counter type="INSTRUCTION" missed="50" covered="39"/><counter type="BRANCH" missed="3" covered="3"/><counter type="LINE" missed="8" covered="6"/><counter type="COMPLEXITY" missed="3" covered="1"/><counter type="METHOD" missed="0" covered="1"/></method><method name="getSurveyQuestionById" desc="(Ljava/lang/Long;)Lorg/springframework/http/ResponseEntity;" line="83"><counter type="INSTRUCTION" missed="10" covered="16"/><counter type="BRANCH" missed="1" covered="1"/><counter type="LINE" missed="1" covered="3"/><counter type="COMPLEXITY" missed="1" covered="1"/><counter type="METHOD" missed="0" covered="1"/></method><method name="updateSQ" desc="(Ljava/lang/Long;Lfranco/maurizio/hr/desk/com/persistence/entity/SurveyQuestion;)Lorg/springframework/http/ResponseEntity;" line="96"><counter type="INSTRUCTION" missed="10" covered="35"/><counter type="BRANCH" missed="1" covered="1"/><counter type="LINE" missed="1" covered="8"/><counter type="COMPLEXITY" missed="1" covered="1"/><counter type="METHOD" missed="0" covered="1"/></method><method name="deleteSurveyQuestion" desc="(Ljava/lang/Long;)Lorg/springframework/http/ResponseEntity;" line="115"><counter type="INSTRUCTION" missed="10" covered="17"/><counter type="BRANCH" missed="1" covered="1"/><counter type="LINE" missed="1" covered="4"/><counter type="COMPLEXITY" missed="1" covered="1"/><counter type="METHOD" missed="0" covered="1"/></method><method name="&lt;clinit&gt;" desc="()V" line="35"><counter type="INSTRUCTION" missed="0" covered="4"/><counter type="LINE" missed="0" covered="1"/><counter type="COMPLEXITY" missed="0" covered="1"/><counter type="METHOD" missed="0" covered="1"/></method><counter type="INSTRUCTION" missed="85" covered="127"/><counter type="BRANCH" missed="7" covered="7"/><counter type="LINE" missed="12" covered="26"/><counter type="COMPLEXITY" missed="7" covered="7"/><counter type="METHOD" missed="0" covered="7"/><counter type="CLASS" missed="0" covered="1"/></class><sourcefile name="SurveyController.java"><line nr="43" mi="0" ci="2" mb="0" cb="0"/><line nr="45" mi="0" ci="4" mb="0" cb="0"/><line nr="52" mi="0" ci="6" mb="0" cb="0"/><line nr="57" mi="0" ci="3" mb="0" cb="0"/><line nr="58" mi="0" ci="1" mb="0" cb="0"/><line nr="63" mi="0" ci="4" mb="0" cb="0"/><line nr="65" mi="0" ci="3" mb="1" cb="1"/><line nr="67" mi="5" ci="0" mb="0" cb="0"/><line nr="70" mi="0" ci="6" mb="0" cb="0"/><line nr="78" mi="0" ci="4" mb="0" cb="0"/><line nr="79" mi="0" ci="5" mb="0" cb="0"/><line nr="80" mi="0" ci="6" mb="0" cb="0"/><line nr="86" mi="0" ci="5" mb="0" cb="0"/><line nr="88" mi="0" ci="3" mb="1" cb="1"/><line nr="90" mi="10" ci="0" mb="0" cb="0"/><line nr="93" mi="0" ci="8" mb="0" cb="0"/><line nr="103" mi="0" ci="5" mb="0" cb="0"/><line nr="105" mi="0" ci="3" mb="1" cb="1"/><line nr="106" mi="10" ci="0" mb="0" cb="0"/><line nr="110" mi="0" ci="6" mb="0" cb="0"/><line nr="111" mi="0" ci="6" mb="0" cb="0"/><line nr="112" mi="0" ci="6" mb="0" cb="0"/><line nr="116" mi="0" ci="7" mb="0" cb="0"/><line nr="120" mi="0" ci="8" mb="0" cb="0"/><line nr="127" mi="0" ci="5" mb="0" cb="0"/><line nr="128" mi="0" ci="3" mb="1" cb="1"/><line nr="129" mi="10" ci="0" mb="0" cb="0"/><line nr="131" mi="0" ci="6" mb="0" cb="0"/><line nr="132" mi="0" ci="5" mb="0" cb="0"/><line nr="144" mi="4" ci="0" mb="0" cb="0"/><line nr="145" mi="4" ci="0" mb="0" cb="0"/><line nr="147" mi="5" ci="0" mb="0" cb="0"/><line nr="148" mi="4" ci="0" mb="0" cb="0"/><line nr="149" mi="4" ci="0" mb="0" cb="0"/><line nr="151" mi="6" ci="0" mb="0" cb="0"/><line nr="152" mi="1" ci="0" mb="0" cb="0"/><line nr="153" mi="4" ci="0" mb="0" cb="0"/><line nr="154" mi="1" ci="0" mb
[...]
0" mb="0" cb="0"/><line nr="376" mi="3" ci="0" mb="0" cb="0"/><line nr="377" mi="1" ci="0" mb="0" cb="0"/><line nr="381" mi="37" ci="0" mb="0" cb="0"/><line nr="386" mi="2" ci="0" mb="0" cb="0"/><counter type="INSTRUCTION" missed="243" covered="0"/><counter type="LINE" missed="79" covered="0"/><counter type="COMPLEXITY" missed="40" covered="0"/><counter type="METHOD" missed="40" covered="0"/><counter type="CLASS" missed="1" covered="0"/></sourcefile><counter type="INSTRUCTION" missed="589" covered="0"/><counter type="LINE" missed="184" covered="0"/><counter type="COMPLEXITY" missed="92" covered="0"/><counter type="METHOD" missed="92" covered="0"/><counter type="CLASS" missed="4" covered="0"/></package><package name="franco/maurizio/hr/desk/com"><class name="franco/maurizio/hr/desk/com/UserDetailServiceImpl" sourcefilename="UserDetailServiceImpl.java"><method name="&lt;init&gt;" desc="()V" line="25"><counter type="INSTRUCTION" missed="0" covered="3"/><counter type="LINE" missed="0" covered="1"/><counter type="COMPLEXITY" missed="0" covered="1"/><counter type="METHOD" missed="0" covered="1"/></method><method name="loadUserByUsername" desc="(Ljava/lang/String;)Lorg/springframework/security/core/userdetails/UserDetails;" line="34"><counter type="INSTRUCTION" missed="61" covered="0"/><counter type="BRANCH" missed="4" covered="0"/><counter type="LINE" missed="13" covered="0"/><counter type="COMPLEXITY" missed="3" covered="0"/><counter type="METHOD" missed="1" covered="0"/></method><method name="&lt;clinit&gt;" desc="()V" line="27"><counter type="INSTRUCTION" missed="0" covered="4"/><counter type="LINE" missed="0" covered="1"/><counter type="COMPLEXITY" missed="0" covered="1"/><counter type="METHOD" missed="0" covered="1"/></method><counter type="INSTRUCTION" missed="61" covered="7"/><counter type="BRANCH" missed="4" covered="0"/><counter type="LINE" missed="13" covered="2"/><counter type="COMPLEXITY" missed="3" covered="2"/><counter type="METHOD" missed="1" covered="2"/><counter type="CLASS" missed="0" covered="1"/></class><class name="franco/maurizio/hr/desk/com/CeReProBackendApplication" sourcefilename="CeReProBackendApplication.java"><method name="&lt;init&gt;" desc="()V" line="28"><counter type="INSTRUCTION" missed="0" covered="3"/><counter type="LINE" missed="0" covered="1"/><counter type="COMPLEXITY" missed="0" covered="1"/><counter type="METHOD" missed="0" covered="1"/></method><method name="main" desc="([Ljava/lang/String;)V" line="33"><counter type="INSTRUCTION" missed="11" covered="0"/><counter type="LINE" missed="4" covered="0"/><counter type="COMPLEXITY" missed="1" covered="0"/><counter type="METHOD" missed="1" covered="0"/></method><method name="printProperties" desc="(Ljava/util/Properties;)V" line="66"><counter type="INSTRUCTION" missed="20" covered="0"/><counter type="BRANCH" missed="2" covered="0"/><counter type="LINE" missed="4" covered="0"/><counter type="COMPLEXITY" missed="2" covered="0"/><counter type="METHOD" missed="1" covered="0"/></method><method name="&lt;clinit&gt;" desc="()V" line="30"><counter type="INSTRUCTION" missed="0" covered="4"/><counter type="LINE" missed="0" covered="1"/><counter type="COMPLEXITY" missed="0" covered="1"/><counter type="METHOD" missed="0" covered="1"/></method><counter type="INSTRUCTION" missed="31" covered="7"/><counter type="BRANCH" missed="2" covered="0"/><counter type="LINE" missed="8" covered="2"/><counter type="COMPLEXITY" missed="3" covered="2"/><counter type="METHOD" missed="2" covered="2"/><counter type="CLASS" missed="0" covered="1"/></class><class name="franco/maurizio/hr/desk/com/ApplicationSecurityConfig" sourcefilename="ApplicationSecurityConfig.java"><method name="&lt;init&gt;" desc="()V" line="31"><counter type="INSTRUCTION" missed="0" covered="3"/><counter type="LINE" missed="0" covered="1"/><counter type="COMPLEXITY" missed="0" covered="1"/><counter type="METHOD" missed="0" covered="1"/></method><method name="filterChain" desc="(Lorg/springframework/security/config/annotation/web/builders/HttpSecurity;)Lorg/springframework/security/web/SecurityFilterChain;" line="70"><counter type="INSTRUCTION" missed="0" covered="24"/><counter type="LINE" missed="0" covered="6"/><counter type="COMPLEXITY" missed="0" covered="1"/><counter type="METHOD" missed="0" covered="1"/></method><method name="configureGlobal" desc="(Lorg/springframework/security/config/annotation/authentication/builders/AuthenticationManagerBuilder;)V" line="147"><counter type="INSTRUCTION" missed="0" covered="13"/><counter type="LINE" missed="0" covered="3"/><counter type="COMPLEXITY" missed="0" covered="1"/><counter type="METHOD" missed="0" covered="1"/></method><method name="corsConfigurationSource" desc="()Lorg/springframework/web/cors/CorsConfigurationSource;" line="153"><counter type="INSTRUCTION" missed="0" covered="56"/><counter type="LINE" missed="0" covered="11"/><counter type="COMPLEXITY" missed="0" covered="1"/><counter type="METHOD" missed="0" covered="1"/></method><method name="lambda$filterChain$3" desc="(Lorg/springframework/security/config/annotation/web/configurers/HeadersConfigurer;)V" line="96"><counter type="INSTRUCTION" missed="0" covered="5"/><counter type="LINE" missed="0" covered="1"/><counter type="COMPLEXITY" missed="0" covered="1"/><counter type="METHOD" missed="0" covered="1"/></method><method name="lambda$filterChain$2" desc="(Lorg/springframework/security/config/annotation/web/configurers/CsrfConfigurer;)V" line="95"><counter type="INSTRUCTION" missed="0" covered="4"/><counter type="LINE" missed="0" covered="1"/><counter type="COMPLEXITY" missed="0" covered="1"/><counter type="METHOD" missed="0" covered="1"/></method><method name="lambda$filterChain$1" desc="(Lorg/springframework/security/config/annotation/web/configurers/CsrfConfigurer;)V" line="93"><counter type="INSTRUCTION" missed="0" covered="4"/><counter type="LINE" missed="0" covered="1"/><counter type="COMPLEXITY" missed="0" covered="1"/><counter type="METHOD" missed="0" covered="1"/></method><method name="lambda$filterChain$0" desc="(Lorg/springframework/security/config/annotation/web/configurers/AuthorizeHttpRequestsConfigurer$AuthorizationManagerRequestMatcherRegistry;)V" line="75"><counter type="INSTRUCTION" missed="0" covered="183"/><counter type="LINE" missed="0" covered="18"/><counter type="COMPLEXITY" missed="0" covered="1"/><counter type="METHOD" missed="0" covered="1"/></method><method name="&lt;clinit&gt;" desc="()V" line="36"><counter type="INSTRUCTION" missed="0" covered="4"/><counter type="LINE" missed="0" covered="1"/><counter type="COMPLEXITY" missed="0" covered="1"/><counter type="METHOD" missed="0" covered="1"/></method><counter type="INSTRUCTION" missed="0" covered="296"/><counter type="LINE" missed="0" covered="40"/><counter type="COMPLEXITY" missed="0" covered="9"/><counter type="METHOD" missed="0" covered="9"/><counter type="CLASS" missed="0" covered="1"/></class><sourcefile name="CeReProBackendApplication.java"><line nr="28" mi="0" ci="3" mb="0" cb="0"/><line nr="30" mi="0" ci="4" mb="0" cb="0"/><line nr="33" mi="3" ci="0" mb="0" cb="0"/><line nr="34" mi="4" ci="0" mb="0" cb="0"/><line nr="62" mi="3" ci="0" mb="0" cb="0"/><line nr="63" mi="1" ci="0" mb="0" cb="0"/><line nr="66" mi="10" ci="0" mb="2" cb="0"/><line nr="67" mi="8" ci="0" mb="0" cb="0"/><line nr="68" mi="1" ci="0" mb="0" cb="0"/><line nr="69" mi="1" ci="0" mb="0" cb="0"/><counter type="INSTRUCTION" missed="31" covered="7"/><counter type="BRANCH" missed="2" covered="0"/><counter type="LINE" missed="8" covered="2"/><counter type="COMPLEXITY" missed="3" covered="2"/><counter type="METHOD" missed="2" covered="2"/><counter type="CLASS" missed="0" covered="1"/></sourcefile><sourcefile name="ApplicationSecurityConfig.java"><line nr="31" mi="0" ci="3" mb="0" cb="0"/><line nr="36" mi="0" ci="4" mb="0" cb="0"/><line nr="70" mi="0" ci="4" mb="0" cb="0"/><line nr="74" mi="0" ci="6" mb="0" cb="0"/><line nr="75" mi="0" ci="10" mb="0" cb="0"/><line nr="76" mi="0" ci="10" mb="0" cb="0"/><line nr="77" mi="0" ci="10" mb="0" cb="0"/><line nr="78" mi="0" ci="10" mb="0" cb="0"/><line nr="79" mi="0" ci="10" mb="0" cb="0"/><line nr="80" mi="0" ci="10" mb="0" cb="0"/><line nr="81" mi="0" ci="10" mb="0" cb="0"/><line nr="82" mi="0" ci="10" mb="0" cb="0"/><line nr="83" mi="0" ci="10" mb="0" cb="0"/><line nr="84" mi="0" ci="10" mb="0" cb="0"/><line nr="85" mi="0" ci="10" mb="0" cb="0"/><line nr="86" mi="0" ci="10" mb="0" cb="0"/><line nr="87" mi="0" ci="10" mb="0" cb="0"/><line nr="88" mi="0" ci="10" mb="0" cb="0"/><line nr="89" mi="0" ci="10" mb="0" cb="0"/><line nr="90" mi="0" ci="10" mb="0" cb="0"/><line nr="91" mi="0" ci="10" mb="0" cb="0"/><line nr="92" mi="0" ci="13" mb="0" cb="0"/><line nr="93" mi="0" ci="6" mb="0" cb="0"/><line nr="95" mi="0" ci="8" mb="0" cb="0"/><line nr="96" mi="0" ci="9" mb="0" cb="0"/><line nr="97" mi="0" ci="4" mb="0" cb="0"/><line nr="147" mi="0" ci="3" mb="0" cb="0"/><line nr="148" mi="0" ci="9" mb="0" cb="0"/><line nr="149" mi="0" ci="1" mb="0" cb="0"/><line nr="153" mi="0" ci="4" mb="0" cb="0"/><line nr="154" mi="0" ci="4" mb="0" cb="0"/><line nr="155" mi="0" ci="9" mb="0" cb="0"/><line nr="156" mi="0" ci="9" mb="0" cb="0"/><line nr="157" mi="0" ci="9" mb="0" cb="0"/><line nr="158" mi="0" ci="4" mb="0" cb="0"/><line nr="159" mi="0" ci="3" mb="0" cb="0"/><line nr="161" mi="0" ci="4" mb="0" cb="0"/><line nr="162" mi="0" ci="4" mb="0" cb="0"/><line nr="163" mi="0" ci="4" mb="0" cb="0"/><line nr="164" mi="0" ci="2" mb="0" cb="0"/><counter type="INSTRUCTION" missed="0" covered="296"/><counter type="LINE" missed="0" covered="40"/><counter type="COMPLEXITY" missed="0" covered="9"/><counter type="METHOD" missed="0" covered="9"/><counter type="CLASS" missed="0" covered="1"/></sourcefile><sourcefile name="UserDetailServiceImpl.java"><line nr="25" mi="0" ci="3" mb="0" cb="0"/><line nr="27" mi="0" ci="4" mb="0" cb="0"/><line nr="34" mi="4" ci="0" mb="0" cb="0"/><line nr="35" mi="5" ci="0" mb="0" cb="0"/><line nr="36" mi="3" ci="0" mb="2" cb="0"/><line nr="37" mi="4" ci="0" mb="0" cb="0"/><line nr="38" mi="4" ci="0" mb="0" cb="0"/><line nr="39" mi="3" ci="0" mb="0" cb="0"/><line nr="41" mi="2" ci="0" mb="2" cb="0"/><line nr="42" mi="9" ci="0" mb="0" cb="0"/><line nr="44" mi="8" ci="0" mb="0" cb="0"/><line nr="47" mi="4" ci="0" mb="0" cb="0"/><line nr="48" mi="8" ci="0" mb="0" cb="0"/><line nr="51" mi="2" ci="0" mb="0" cb="0"/><line nr="53" mi="5" ci="0" mb="0" cb="0"/><counter type="INSTRUCTION" missed="61" covered="7"/><counter type="BRANCH" missed="4" covered="0"/><counter type="LINE" missed="13" covered="2"/><counter type="COMPLEXITY" missed="3" covered="2"/><counter type="METHOD" missed="1" covered="2"/><counter type="CLASS" missed="0" covered="1"/></sourcefile><counter type="INSTRUCTION" missed="92" covered="310"/><counter type="BRANCH" missed="6" covered="0"/><counter type="LINE" missed="21" covered="44"/><counter type="COMPLEXITY" missed="6" covered="13"/><counter type="METHOD" missed="3" covered="13"/><counter type="CLASS" missed="0" covered="3"/></package><package name="franco/maurizio/hr/desk/com/rest/response/statistics/interviews"><class name="franco/maurizio/hr/desk/com/rest/response/statistics/interviews/SurveyPieChartDataset" sourcefilename="SurveyPieChartDataset.java"><method name="&lt;init&gt;" desc="()V" line="20"><counter type="INSTRUCTION" missed="32" covered="0"/><counter type="LINE" missed="8" covered="0"/><counter type="COMPLEXITY" missed="1" covered="0"/><counter type="METHOD" missed="1" covered="0"/></method><method name="getSurvey_id" desc="()Ljava/lang/Long;" line="34"><counter type="INSTRUCTION" missed="3" covered="0"/><counter type="LINE" missed="1" covered="0"/><counter type="COMPLEXITY" missed="1" covered="0"/><counter type="METHOD" missed="1" covered="0"/></method><method name="setSurvey_id" desc="(Ljava/lang/Long;)V" line="41"><counter type="INSTRUCTION" missed="4" covered="0"/><counter type="LINE" missed="2" covered="0"/><counter type="COMPLEXITY" missed="1" covered="0"/><counter type="METHOD" missed="1" covered="0"/></method><method name="getInterviews" desc="()Ljava/util/ArrayList;" line="48"><counter type="INSTRUCTION" missed="3" covered="0"/><counter type="LINE" missed="1" covered="0"/><counter type="COMPLEXITY" missed="1" covered="0"/><counter type="METHOD" missed="1" covered="0"/></method><method name="setInterviews" desc="(Ljava/util/ArrayList;)V" line="55"><counter type="INSTRUCTION" missed="4" covered="0"/><counter type="LINE" missed="2" covered="0"/><counter type="COMPLEXITY" missed="1" covered="0"/><counter type="METHOD" missed="1" covered="0"/></method><counter type="INSTRUCTION" missed="46" covered="0"/><counter type="LINE" missed="14" covered="0"/><counter type="COMPLEXITY" missed="5" covered="0"/><counter type="METHOD" missed="5" covered="0"/><counter type="CLASS" missed="1" covered="0"/></class><class name="franco/maurizio/hr/desk/com/rest/response/statistics/interviews/InterviewPieChartDataset" sourcefilename="InterviewPieChartDataset.java"><method name="&lt;init&gt;" desc="()V" line="20"><counter type="INSTRUCTION" missed="25" covered="0"/><counter type="LINE" missed="6" covered="0"/><counter type="COMPLEXITY" missed="1" covered="0"/><counter type="METHOD" missed="1" covered="0"/></method><method name="getInterview_id" desc="()Ljava/lang/Long;" line="29"><counter type="INSTRUCTION" missed="3" covered="0"/><counter type="LINE" missed="1" covered="0"/><counter type="COMPLEXITY" missed="1" covered="0"/><counter type="METHOD" missed="1" covered="0"/></method><method name="setInterview_id" desc="(Ljava/lang/Long;)V" line="33"><counter type="INSTRUCTION" missed="4" covered="0"/><counter type="LINE" missed="2" covered="0"/><counter type="COMPLEXITY" missed="1" covered="0"/><counter type="METHOD" missed="1" covered="0"/></method><method name="getInterviewReplies" desc="()Lfranco/maurizio/hr/desk/com/rest/response/statistics/interviews/InterviewRepliesDataset;" line="40"><counter type="INSTRUCTION" missed="3" covered="0"/><counter type="LINE" missed="1" covered="0"/><counter type="COMPLEXITY" missed="1" covered="0"/><counter type="METHOD" missed="1" covered="0"/></method><method name="setInterviewReplies" desc="(Lfranco/maurizio/hr/desk/com/rest/response/statistics/interviews/InterviewRepliesDataset;)V" line="47"><counter type="INSTRUCTION" missed="4" covered="0"/><counter type="LINE" missed="2" covered="0"/><counter type="COMPLEXITY" missed="1" covered="0"/><counter type="METHOD" missed="1" covered="0"/></method><counter type="INSTRUCTION" missed="39" covered="0"/><counter type="LINE" missed="12" covered="0"/><counter type="COMPLEXITY" missed="5" covered="0"/><counter type="METHOD" missed="5" covered="0"/><counter type="CLASS" missed="1" covered="0"/></class><class name="franco/maurizio/hr/desk/com/rest/response/statistics/interviews/InterviewRepliesDataset" sourcefilename="InterviewRepliesDataset.java"><method name="&lt;init&gt;" desc="()V" line="20"><counter type="INSTRUCTION" missed="11" covered="0"/><counter type="LINE" missed="4" covered="0"/><counter type="COMPLEXITY" missed="1" covered="0"/><counter type="METHOD" missed="1" covered="0"/></method><method name="&lt;init&gt;" desc="(Ljava/lang/Integer;Ljava/lang/Integer;)V" line="27"><counter type="INSTRUCTION" missed="9" covered="0"/><counter type="LINE" missed="4" covered="0"/><counter type="COMPLEXITY" missed="1" covered="0"/><counter type="METHOD" missed="1" covered="0"/></method><method name="getCansa" desc="()Ljava/lang/Integer;" line="35"><counter type="INSTRUCTION" missed="3" covered="0"/><counter type="LINE" missed="1" covered="0"/><counter type="COMPLEXITY" missed="1" covered="0"/><counter type="METHOD" missed="1" covered="0"/></method><method name="setCansa" desc="(Ljava/lang/Integer;)V" line="39"><counter type="INSTRUCTION" missed="4" covered="0"/><counter type="LINE" missed="2" covered="0"/><counter type="COMPLEXITY" missed="1" covered="0"/><counter type="METHOD" missed="1" covered="0"/></method><method name="getCansb" desc="()Ljava/lang/Integer;" line="43"><counter type="INSTRUCTION" missed="3" covered="0"/><counter type="LINE" missed="1" covered="0"/><counter type="COMPLEXITY" missed="1" covered="0"/><counter type="METHOD" missed="1" covered="0"/></method><method name="setCansb" desc="(Ljava/lang/Integer;)V" line="47"><counter type="INSTRUCTION" missed="4" covered="0"/><counter type="LINE" missed="2" covered="0"/><counter type="COMPLEXITY" missed="1" covered="0"/><counter type="METHOD" missed="1" covered="0"/></method><counter type="INSTRUCTION" missed="34" covered="0"/><counter type="LINE" missed="14" covered="0"/><counter type="COMPLEXITY" missed="6" covered="0"/><counter type="METHOD" missed="6" covered="0"/><counter type="CLASS" missed="1" covered="0"/></class><sourcefile name="InterviewRepliesDataset.java"><line nr="20" mi="2" ci="0" mb="0" cb="0"/><line nr="21" mi="4" ci="0" mb="0" cb="0"/><line nr="22" mi="4" ci="0" mb="0" cb="0"/><line nr="25" mi="1" ci="0" mb="0" cb="0"/><line nr="27" mi="2" ci="0" mb="0" cb="0"/><line nr="28" mi="3" ci="0" mb="0" cb="0"/><line nr="29" mi="3" ci="0" mb="0" cb="0"/><line nr="32" mi="1" ci="0" mb="0" cb="0"/><line nr="35" mi="3" ci="0" mb="0" cb="0"/><line nr="39" mi="3" ci="0" mb="0" cb="0"/><line nr="40" mi="1" ci="0" mb="0" cb="0"/><line nr="43" mi="3" ci="0" mb="0" cb="0"/><line nr="47" mi="3" ci="0" mb="0" cb="0"/><line nr="48" mi="1" ci="0" mb="0" cb="0"/><counter type="INSTRUCTION" missed="34" covered="0"/><counter type="LINE" missed="14" covered="0"/><counter type="COMPLEXITY" missed="6" covered="0"/><counter type="METHOD" missed="6" covered="0"/><counter type="CLASS" missed="1" covered="0"/></sourcefile><sourcefile name="InterviewPieChartDataset.java"><line nr="20" mi="2" ci="0" mb="0" cb="0"/><line nr="21" mi="4" ci="0" mb="0" cb="0"/><line nr="23" mi="5" ci="0" mb="0" cb="0"/><line nr="24" mi="4" ci="0" mb="0" cb="0"/><line nr="25" mi="9" ci="0" mb="0" cb="0"/><line nr="26" mi="1" ci="0" mb="0" cb="0"/><line nr="29" mi="3" ci="0" mb="0" cb="0"/><line nr="33" mi="3" ci="0" mb="0" cb="0"/><line nr="34" mi="1" ci="0" mb="0" cb="0"/><line nr="40" mi="3" ci="0" mb="0" cb="0"/><line nr="47" mi="3" ci="0" mb="0" cb="0"/><line nr="48" mi="1" ci="0" mb="0" cb="0"/><counter type="INSTRUCTION" missed="39" covered="0"/><counter type="LINE" missed="12" covered="0"/><counter type="COMPLEXITY" missed="5" covered="0"/><counter type="METHOD" missed="5" covered="0"/><counter type="CLASS" missed="1" covered="0"/></sourcefile><sourcefile name="SurveyPieChartDataset.java"><line nr="20" mi="2" ci="0" mb="0" cb="0"/><line nr="21" mi="4" ci="0" mb="0" cb="0"/><line nr="22" mi="5" ci="0" mb="0" cb="0"/><line nr="23" mi="7" ci="0" mb="0" cb="0"/><line nr="24" mi="4" ci="0" mb="0" cb="0"/><line nr="25" mi="4" ci="0" mb="0" cb="0"/><line nr="26" mi="5" ci="0" mb="0" cb="0"/><line nr="28" mi="1" ci="0" mb="0" cb="0"/><line nr="34" mi="3" ci="0" mb="0" cb="0"/><line nr="41" mi="3" ci="0" mb="0" cb="0"/><line nr="42" mi="1" ci="0" mb="0" cb="0"/><line nr="48" mi="3" ci="0" mb="0" cb="0"/><line nr="55" mi="3" ci="0" mb="0" cb="0"/><line nr="56" mi="1" ci="0" mb="0" cb="0"/><counter type="INSTRUCTION" missed="46" covered="0"/><counter type="LINE" missed="14" covered="0"/><counter type="COMPLEXITY" missed="5" covered="0"/><counter type="METHOD" missed="5" covered="0"/><counter type="CLASS" missed="1" covered="0"/></sourcefile><counter type="INSTRUCTION" missed="119" covered="0"/><counter type="LINE" missed="40" covered="0"/><counter type="COMPLEXITY" missed="16" covered="0"/><counter type="METHOD" missed="16" covered="0"/><counter type="CLASS" missed="3" covered="0"/></package><counter type="INSTRUCTION" missed="6886" covered="2666"/><counter type="BRANCH" missed="323" covered="103"/><counter type="LINE" missed="1612" covered="573"/><counter type="COMPLEXITY" missed="603" covered="217"/><counter type="METHOD" missed="410" covered="197"/><counter type="CLASS" missed="28" covered="44"/></report>